{"C:\\Users\\hp\\Downloads\\LambdaSchool\\React2020\\rventuredec2020\\rvAirbnb-frontend\\src\\App.js": {"path":"C:\\Users\\hp\\Downloads\\LambdaSchool\\React2020\\rventuredec2020\\rvAirbnb-frontend\\src\\App.js","statementMap":{"0":{"start":{"line":20,"column":42},"end":{"line":20,"column":55}},"1":{"start":{"line":21,"column":2},"end":{"line":23,"column":28}},"2":{"start":{"line":22,"column":4},"end":{"line":22,"column":48}},"3":{"start":{"line":24,"column":24},"end":{"line":24,"column":48}},"4":{"start":{"line":25,"column":2},"end":{"line":27,"column":24}},"5":{"start":{"line":26,"column":4},"end":{"line":26,"column":54}},"6":{"start":{"line":29,"column":2},"end":{"line":52,"column":4}},"7":{"start":{"line":56,"column":2},"end":{"line":56,"column":78}}},"fnMap":{"0":{"name":"App","decl":{"start":{"line":19,"column":9},"end":{"line":19,"column":12}},"loc":{"start":{"line":19,"column":20},"end":{"line":53,"column":1}},"line":19},"1":{"name":"(anonymous_1)","decl":{"start":{"line":21,"column":12},"end":{"line":21,"column":13}},"loc":{"start":{"line":21,"column":18},"end":{"line":23,"column":3}},"line":21},"2":{"name":"(anonymous_2)","decl":{"start":{"line":25,"column":12},"end":{"line":25,"column":13}},"loc":{"start":{"line":25,"column":18},"end":{"line":27,"column":3}},"line":25},"3":{"name":"mapState","decl":{"start":{"line":55,"column":9},"end":{"line":55,"column":17}},"loc":{"start":{"line":55,"column":25},"end":{"line":57,"column":1}},"line":55}},"branchMap":{"0":{"loc":{"start":{"line":26,"column":4},"end":{"line":26,"column":53}},"type":"binary-expr","locations":[{"start":{"line":26,"column":4},"end":{"line":26,"column":12}},{"start":{"line":26,"column":16},"end":{"line":26,"column":53}}],"line":26}},"s":{"0":0,"1":0,"2":0,"3":0,"4":0,"5":0,"6":0,"7":0},"f":{"0":0,"1":0,"2":0,"3":0},"b":{"0":[0,0]}}
,"C:\\Users\\hp\\Downloads\\LambdaSchool\\React2020\\rventuredec2020\\rvAirbnb-frontend\\src\\GoogleMapBox.js": {"path":"C:\\Users\\hp\\Downloads\\LambdaSchool\\React2020\\rventuredec2020\\rvAirbnb-frontend\\src\\GoogleMapBox.js","statementMap":{},"fnMap":{},"branchMap":{},"s":{},"f":{},"b":{}}
,"C:\\Users\\hp\\Downloads\\LambdaSchool\\React2020\\rventuredec2020\\rvAirbnb-frontend\\src\\index.js": {"path":"C:\\Users\\hp\\Downloads\\LambdaSchool\\React2020\\rventuredec2020\\rvAirbnb-frontend\\src\\index.js","statementMap":{"0":{"start":{"line":15,"column":2},"end":{"line":17,"column":9}},"1":{"start":{"line":18,"column":17},"end":{"line":21,"column":1}},"2":{"start":{"line":23,"column":0},"end":{"line":32,"column":2}}},"fnMap":{},"branchMap":{"0":{"loc":{"start":{"line":15,"column":2},"end":{"line":17,"column":9}},"type":"binary-expr","locations":[{"start":{"line":15,"column":3},"end":{"line":15,"column":32}},{"start":{"line":16,"column":4},"end":{"line":16,"column":47}},{"start":{"line":17,"column":2},"end":{"line":17,"column":9}}],"line":15}},"s":{"0":0,"1":0,"2":0},"f":{},"b":{"0":[0,0,0]}}
,"C:\\Users\\hp\\Downloads\\LambdaSchool\\React2020\\rventuredec2020\\rvAirbnb-frontend\\src\\auth_views\\Logout.js": {"path":"C:\\Users\\hp\\Downloads\\LambdaSchool\\React2020\\rventuredec2020\\rvAirbnb-frontend\\src\\auth_views\\Logout.js","statementMap":{"0":{"start":{"line":5,"column":4},"end":{"line":5,"column":37}},"1":{"start":{"line":6,"column":4},"end":{"line":6,"column":30}},"2":{"start":{"line":8,"column":2},"end":{"line":14,"column":4}}},"fnMap":{"0":{"name":"Logout","decl":{"start":{"line":3,"column":24},"end":{"line":3,"column":30}},"loc":{"start":{"line":3,"column":33},"end":{"line":15,"column":1}},"line":3},"1":{"name":"handleLogout","decl":{"start":{"line":4,"column":11},"end":{"line":4,"column":23}},"loc":{"start":{"line":4,"column":26},"end":{"line":7,"column":3}},"line":4}},"branchMap":{},"s":{"0":0,"1":0,"2":0},"f":{"0":0,"1":0},"b":{}}
,"C:\\Users\\hp\\Downloads\\LambdaSchool\\React2020\\rventuredec2020\\rvAirbnb-frontend\\src\\auth_views\\login\\Login.js": {"path":"C:\\Users\\hp\\Downloads\\LambdaSchool\\React2020\\rventuredec2020\\rvAirbnb-frontend\\src\\auth_views\\login\\Login.js","statementMap":{"0":{"start":{"line":10,"column":13},"end":{"line":16,"column":1}},"1":{"start":{"line":17,"column":14},"end":{"line":25,"column":1}},"2":{"start":{"line":28,"column":30},"end":{"line":28,"column":42}},"3":{"start":{"line":29,"column":14},"end":{"line":29,"column":44}},"4":{"start":{"line":32,"column":4},"end":{"line":32,"column":45}},"5":{"start":{"line":34,"column":28},"end":{"line":34,"column":40}},"6":{"start":{"line":36,"column":2},"end":{"line":38,"column":10}},"7":{"start":{"line":37,"column":4},"end":{"line":37,"column":52}},"8":{"start":{"line":40,"column":2},"end":{"line":62,"column":4}},"9":{"start":{"line":66,"column":2},"end":{"line":66,"column":39}}},"fnMap":{"0":{"name":"Login","decl":{"start":{"line":27,"column":9},"end":{"line":27,"column":14}},"loc":{"start":{"line":27,"column":22},"end":{"line":63,"column":1}},"line":27},"1":{"name":"getRanNum","decl":{"start":{"line":31,"column":11},"end":{"line":31,"column":20}},"loc":{"start":{"line":31,"column":24},"end":{"line":33,"column":3}},"line":31},"2":{"name":"(anonymous_2)","decl":{"start":{"line":36,"column":12},"end":{"line":36,"column":13}},"loc":{"start":{"line":36,"column":18},"end":{"line":38,"column":3}},"line":36},"3":{"name":"mapStateToProps","decl":{"start":{"line":65,"column":9},"end":{"line":65,"column":24}},"loc":{"start":{"line":65,"column":32},"end":{"line":67,"column":1}},"line":65}},"branchMap":{"0":{"loc":{"start":{"line":37,"column":4},"end":{"line":37,"column":51}},"type":"binary-expr","locations":[{"start":{"line":37,"column":4},"end":{"line":37,"column":12}},{"start":{"line":37,"column":16},"end":{"line":37,"column":51}}],"line":37}},"s":{"0":0,"1":0,"2":0,"3":0,"4":0,"5":0,"6":0,"7":0,"8":0,"9":0},"f":{"0":0,"1":0,"2":0,"3":0},"b":{"0":[0,0]}}
,"C:\\Users\\hp\\Downloads\\LambdaSchool\\React2020\\rventuredec2020\\rvAirbnb-frontend\\src\\auth_views\\login\\LoginForm.js": {"path":"C:\\Users\\hp\\Downloads\\LambdaSchool\\React2020\\rventuredec2020\\rvAirbnb-frontend\\src\\auth_views\\login\\LoginForm.js","statementMap":{"0":{"start":{"line":10,"column":56},"end":{"line":12,"column":4}},"1":{"start":{"line":13,"column":18},"end":{"line":13,"column":30}},"2":{"start":{"line":14,"column":18},"end":{"line":14,"column":29}},"3":{"start":{"line":15,"column":38},"end":{"line":15,"column":53}},"4":{"start":{"line":16,"column":26},"end":{"line":16,"column":35}},"5":{"start":{"line":18,"column":2},"end":{"line":123,"column":4}},"6":{"start":{"line":27,"column":10},"end":{"line":27,"column":30}},"7":{"start":{"line":28,"column":10},"end":{"line":34,"column":11}},"8":{"start":{"line":29,"column":48},"end":{"line":29,"column":56}},"9":{"start":{"line":31,"column":12},"end":{"line":31,"column":43}},"10":{"start":{"line":33,"column":12},"end":{"line":33,"column":33}},"11":{"start":{"line":35,"column":10},"end":{"line":35,"column":31}}},"fnMap":{"0":{"name":"LoginForm","decl":{"start":{"line":9,"column":24},"end":{"line":9,"column":33}},"loc":{"start":{"line":9,"column":41},"end":{"line":124,"column":1}},"line":9},"1":{"name":"(anonymous_1)","decl":{"start":{"line":26,"column":31},"end":{"line":26,"column":32}},"loc":{"start":{"line":26,"column":51},"end":{"line":36,"column":9}},"line":26}},"branchMap":{"0":{"loc":{"start":{"line":39,"column":11},"end":{"line":45,"column":11}},"type":"cond-expr","locations":[{"start":{"line":40,"column":12},"end":{"line":42,"column":20}},{"start":{"line":44,"column":12},"end":{"line":44,"column":54}}],"line":39},"1":{"loc":{"start":{"line":52,"column":11},"end":{"line":52,"column":66}},"type":"cond-expr","locations":[{"start":{"line":52,"column":29},"end":{"line":52,"column":59}},{"start":{"line":52,"column":62},"end":{"line":52,"column":66}}],"line":52},"2":{"loc":{"start":{"line":55,"column":11},"end":{"line":61,"column":11}},"type":"cond-expr","locations":[{"start":{"line":56,"column":12},"end":{"line":58,"column":20}},{"start":{"line":60,"column":12},"end":{"line":60,"column":48}}],"line":55},"3":{"loc":{"start":{"line":69,"column":11},"end":{"line":69,"column":58}},"type":"cond-expr","locations":[{"start":{"line":69,"column":26},"end":{"line":69,"column":51}},{"start":{"line":69,"column":54},"end":{"line":69,"column":58}}],"line":69},"4":{"loc":{"start":{"line":72,"column":11},"end":{"line":78,"column":11}},"type":"cond-expr","locations":[{"start":{"line":73,"column":12},"end":{"line":75,"column":20}},{"start":{"line":77,"column":12},"end":{"line":77,"column":54}}],"line":72},"5":{"loc":{"start":{"line":86,"column":11},"end":{"line":86,"column":60}},"type":"cond-expr","locations":[{"start":{"line":86,"column":29},"end":{"line":86,"column":53}},{"start":{"line":86,"column":56},"end":{"line":86,"column":60}}],"line":86},"6":{"loc":{"start":{"line":95,"column":13},"end":{"line":95,"column":67}},"type":"binary-expr","locations":[{"start":{"line":95,"column":13},"end":{"line":95,"column":28}},{"start":{"line":95,"column":32},"end":{"line":95,"column":67}}],"line":95}},"s":{"0":0,"1":0,"2":0,"3":0,"4":0,"5":0,"6":0,"7":0,"8":0,"9":0,"10":0,"11":0},"f":{"0":0,"1":0},"b":{"0":[0,0],"1":[0,0],"2":[0,0],"3":[0,0],"4":[0,0],"5":[0,0],"6":[0,0]},"_coverageSchema":"1a1c01bbd47fc00a2c39e90264f33305004495a9","hash":"9d989f4f0fc3d6a748871a7e40eec371449fe2d8"}
,"C:\\Users\\hp\\Downloads\\LambdaSchool\\React2020\\rventuredec2020\\rvAirbnb-frontend\\src\\auth_views\\signup\\Signup.js": {"path":"C:\\Users\\hp\\Downloads\\LambdaSchool\\React2020\\rventuredec2020\\rvAirbnb-frontend\\src\\auth_views\\signup\\Signup.js","statementMap":{"0":{"start":{"line":6,"column":13},"end":{"line":13,"column":1}},"1":{"start":{"line":14,"column":14},"end":{"line":22,"column":1}},"2":{"start":{"line":25,"column":2},"end":{"line":41,"column":4}},"3":{"start":{"line":44,"column":2},"end":{"line":44,"column":40}}},"fnMap":{"0":{"name":"Signup","decl":{"start":{"line":24,"column":9},"end":{"line":24,"column":15}},"loc":{"start":{"line":24,"column":23},"end":{"line":42,"column":1}},"line":24},"1":{"name":"mapState","decl":{"start":{"line":43,"column":9},"end":{"line":43,"column":17}},"loc":{"start":{"line":43,"column":25},"end":{"line":45,"column":1}},"line":43}},"branchMap":{},"s":{"0":0,"1":0,"2":0,"3":0},"f":{"0":0,"1":0},"b":{}}
,"C:\\Users\\hp\\Downloads\\LambdaSchool\\React2020\\rventuredec2020\\rvAirbnb-frontend\\src\\auth_views\\signup\\SignupForm.js": {"path":"C:\\Users\\hp\\Downloads\\LambdaSchool\\React2020\\rventuredec2020\\rvAirbnb-frontend\\src\\auth_views\\signup\\SignupForm.js","statementMap":{"0":{"start":{"line":9,"column":56},"end":{"line":16,"column":4}},"1":{"start":{"line":17,"column":38},"end":{"line":17,"column":53}},"2":{"start":{"line":18,"column":26},"end":{"line":18,"column":35}},"3":{"start":{"line":20,"column":18},"end":{"line":20,"column":30}},"4":{"start":{"line":21,"column":18},"end":{"line":21,"column":29}},"5":{"start":{"line":23,"column":2},"end":{"line":143,"column":4}},"6":{"start":{"line":32,"column":10},"end":{"line":34,"column":11}},"7":{"start":{"line":33,"column":12},"end":{"line":33,"column":25}},"8":{"start":{"line":35,"column":10},"end":{"line":35,"column":30}},"9":{"start":{"line":36,"column":10},"end":{"line":43,"column":11}},"10":{"start":{"line":37,"column":48},"end":{"line":37,"column":56}},"11":{"start":{"line":39,"column":12},"end":{"line":39,"column":44}},"12":{"start":{"line":40,"column":12},"end":{"line":40,"column":33}},"13":{"start":{"line":42,"column":12},"end":{"line":42,"column":54}},"14":{"start":{"line":44,"column":10},"end":{"line":44,"column":31}},"15":{"start":{"line":101,"column":16},"end":{"line":104,"column":91}},"16":{"start":{"line":103,"column":37},"end":{"line":103,"column":56}}},"fnMap":{"0":{"name":"SignupForm","decl":{"start":{"line":8,"column":24},"end":{"line":8,"column":34}},"loc":{"start":{"line":8,"column":42},"end":{"line":144,"column":1}},"line":8},"1":{"name":"(anonymous_1)","decl":{"start":{"line":31,"column":31},"end":{"line":31,"column":32}},"loc":{"start":{"line":31,"column":51},"end":{"line":45,"column":9}},"line":31},"2":{"name":"(anonymous_2)","decl":{"start":{"line":100,"column":24},"end":{"line":100,"column":25}},"loc":{"start":{"line":101,"column":16},"end":{"line":104,"column":91}},"line":101},"3":{"name":"(anonymous_3)","decl":{"start":{"line":103,"column":24},"end":{"line":103,"column":25}},"loc":{"start":{"line":103,"column":37},"end":{"line":103,"column":56}},"line":103}},"branchMap":{"0":{"loc":{"start":{"line":32,"column":10},"end":{"line":34,"column":11}},"type":"if","locations":[{"start":{"line":32,"column":10},"end":{"line":34,"column":11}},{"start":{"line":32,"column":10},"end":{"line":34,"column":11}}],"line":32},"1":{"loc":{"start":{"line":42,"column":18},"end":{"line":42,"column":52}},"type":"binary-expr","locations":[{"start":{"line":42,"column":18},"end":{"line":42,"column":35}},{"start":{"line":42,"column":39},"end":{"line":42,"column":52}}],"line":42},"2":{"loc":{"start":{"line":48,"column":11},"end":{"line":54,"column":11}},"type":"cond-expr","locations":[{"start":{"line":49,"column":12},"end":{"line":51,"column":20}},{"start":{"line":53,"column":12},"end":{"line":53,"column":54}}],"line":48},"3":{"loc":{"start":{"line":61,"column":11},"end":{"line":61,"column":66}},"type":"cond-expr","locations":[{"start":{"line":61,"column":29},"end":{"line":61,"column":59}},{"start":{"line":61,"column":62},"end":{"line":61,"column":66}}],"line":61},"4":{"loc":{"start":{"line":64,"column":11},"end":{"line":70,"column":11}},"type":"cond-expr","locations":[{"start":{"line":65,"column":12},"end":{"line":67,"column":20}},{"start":{"line":69,"column":12},"end":{"line":69,"column":48}}],"line":64},"5":{"loc":{"start":{"line":78,"column":11},"end":{"line":78,"column":58}},"type":"cond-expr","locations":[{"start":{"line":78,"column":26},"end":{"line":78,"column":51}},{"start":{"line":78,"column":54},"end":{"line":78,"column":58}}],"line":78},"6":{"loc":{"start":{"line":81,"column":11},"end":{"line":87,"column":11}},"type":"cond-expr","locations":[{"start":{"line":82,"column":12},"end":{"line":84,"column":20}},{"start":{"line":86,"column":12},"end":{"line":86,"column":54}}],"line":81},"7":{"loc":{"start":{"line":101,"column":16},"end":{"line":104,"column":91}},"type":"binary-expr","locations":[{"start":{"line":101,"column":16},"end":{"line":103,"column":57}},{"start":{"line":104,"column":16},"end":{"line":104,"column":91}}],"line":101},"8":{"loc":{"start":{"line":107,"column":11},"end":{"line":107,"column":69}},"type":"cond-expr","locations":[{"start":{"line":107,"column":29},"end":{"line":107,"column":62}},{"start":{"line":107,"column":65},"end":{"line":107,"column":69}}],"line":107}},"s":{"0":4,"1":3,"2":3,"3":3,"4":3,"5":3,"6":0,"7":0,"8":0,"9":0,"10":0,"11":0,"12":0,"13":0,"14":0,"15":0,"16":0},"f":{"0":4,"1":0,"2":0,"3":0},"b":{"0":[0,0],"1":[0,0],"2":[0,3],"3":[0,3],"4":[0,3],"5":[0,3],"6":[0,3],"7":[0,0],"8":[0,3]},"_coverageSchema":"1a1c01bbd47fc00a2c39e90264f33305004495a9","hash":"1421f177ef1f9471304f40bacf24b1c5d0b97bfe"}
,"C:\\Users\\hp\\Downloads\\LambdaSchool\\React2020\\rventuredec2020\\rvAirbnb-frontend\\src\\redux\\actions\\index.js": {"path":"C:\\Users\\hp\\Downloads\\LambdaSchool\\React2020\\rventuredec2020\\rvAirbnb-frontend\\src\\redux\\actions\\index.js","statementMap":{"0":{"start":{"line":4,"column":21},"end":{"line":4,"column":28}},"1":{"start":{"line":5,"column":21},"end":{"line":5,"column":28}},"2":{"start":{"line":6,"column":26},"end":{"line":6,"column":38}},"3":{"start":{"line":7,"column":32},"end":{"line":7,"column":50}},"4":{"start":{"line":8,"column":29},"end":{"line":8,"column":44}},"5":{"start":{"line":9,"column":30},"end":{"line":9,"column":46}},"6":{"start":{"line":11,"column":21},"end":{"line":30,"column":1}},"7":{"start":{"line":11,"column":65},"end":{"line":30,"column":1}},"8":{"start":{"line":12,"column":2},"end":{"line":12,"column":28}},"9":{"start":{"line":13,"column":2},"end":{"line":29,"column":11}},"10":{"start":{"line":14,"column":4},"end":{"line":28,"column":63}},"11":{"start":{"line":18,"column":10},"end":{"line":18,"column":56}},"12":{"start":{"line":19,"column":10},"end":{"line":19,"column":56}},"13":{"start":{"line":20,"column":10},"end":{"line":20,"column":57}},"14":{"start":{"line":21,"column":10},"end":{"line":21,"column":63}},"15":{"start":{"line":23,"column":31},"end":{"line":26,"column":9}},"16":{"start":{"line":24,"column":16},"end":{"line":24,"column":51}},"17":{"start":{"line":28,"column":22},"end":{"line":28,"column":61}},"18":{"start":{"line":32,"column":22},"end":{"line":46,"column":1}},"19":{"start":{"line":32,"column":66},"end":{"line":46,"column":1}},"20":{"start":{"line":35,"column":2},"end":{"line":35,"column":28}},"21":{"start":{"line":36,"column":2},"end":{"line":45,"column":61}},"22":{"start":{"line":39,"column":6},"end":{"line":39,"column":60}},"23":{"start":{"line":40,"column":6},"end":{"line":40,"column":52}},"24":{"start":{"line":41,"column":6},"end":{"line":41,"column":52}},"25":{"start":{"line":42,"column":6},"end":{"line":42,"column":53}},"26":{"start":{"line":43,"column":6},"end":{"line":43,"column":28}},"27":{"start":{"line":45,"column":20},"end":{"line":45,"column":59}},"28":{"start":{"line":48,"column":25},"end":{"line":65,"column":1}},"29":{"start":{"line":48,"column":31},"end":{"line":65,"column":1}},"30":{"start":{"line":49,"column":2},"end":{"line":49,"column":28}},"31":{"start":{"line":50,"column":19},"end":{"line":52,"column":3}},"32":{"start":{"line":51,"column":4},"end":{"line":51,"column":58}},"33":{"start":{"line":53,"column":18},"end":{"line":55,"column":3}},"34":{"start":{"line":54,"column":4},"end":{"line":54,"column":44}},"35":{"start":{"line":56,"column":14},"end":{"line":56,"column":35}},"36":{"start":{"line":57,"column":2},"end":{"line":62,"column":3}},"37":{"start":{"line":58,"column":4},"end":{"line":61,"column":7}},"38":{"start":{"line":63,"column":16},"end":{"line":63,"column":52}},"39":{"start":{"line":64,"column":2},"end":{"line":64,"column":39}},"40":{"start":{"line":64,"column":15},"end":{"line":64,"column":38}},"41":{"start":{"line":67,"column":28},"end":{"line":76,"column":1}},"42":{"start":{"line":67,"column":40},"end":{"line":76,"column":1}},"43":{"start":{"line":68,"column":2},"end":{"line":68,"column":63}},"44":{"start":{"line":69,"column":2},"end":{"line":69,"column":28}},"45":{"start":{"line":70,"column":2},"end":{"line":75,"column":3}},"46":{"start":{"line":71,"column":4},"end":{"line":71,"column":58}},"47":{"start":{"line":73,"column":4},"end":{"line":73,"column":59}},"48":{"start":{"line":74,"column":4},"end":{"line":74,"column":44}},"49":{"start":{"line":90,"column":26},"end":{"line":102,"column":1}},"50":{"start":{"line":90,"column":40},"end":{"line":102,"column":1}},"51":{"start":{"line":91,"column":2},"end":{"line":91,"column":38}},"52":{"start":{"line":92,"column":2},"end":{"line":92,"column":28}},"53":{"start":{"line":93,"column":2},"end":{"line":101,"column":7}},"54":{"start":{"line":96,"column":6},"end":{"line":96,"column":56}},"55":{"start":{"line":99,"column":6},"end":{"line":99,"column":61}},"56":{"start":{"line":100,"column":6},"end":{"line":100,"column":46}}},"fnMap":{"0":{"name":"(anonymous_0)","decl":{"start":{"line":11,"column":21},"end":{"line":11,"column":22}},"loc":{"start":{"line":11,"column":65},"end":{"line":30,"column":1}},"line":11},"1":{"name":"(anonymous_1)","decl":{"start":{"line":11,"column":65},"end":{"line":11,"column":66}},"loc":{"start":{"line":11,"column":79},"end":{"line":30,"column":1}},"line":11},"2":{"name":"(anonymous_2)","decl":{"start":{"line":13,"column":13},"end":{"line":13,"column":14}},"loc":{"start":{"line":13,"column":19},"end":{"line":29,"column":3}},"line":13},"3":{"name":"(anonymous_3)","decl":{"start":{"line":16,"column":12},"end":{"line":16,"column":13}},"loc":{"start":{"line":16,"column":27},"end":{"line":27,"column":7}},"line":16},"4":{"name":"verifyCredentials","decl":{"start":{"line":17,"column":23},"end":{"line":17,"column":40}},"loc":{"start":{"line":17,"column":43},"end":{"line":22,"column":9}},"line":17},"5":{"name":"(anonymous_5)","decl":{"start":{"line":24,"column":10},"end":{"line":24,"column":11}},"loc":{"start":{"line":24,"column":16},"end":{"line":24,"column":51}},"line":24},"6":{"name":"(anonymous_6)","decl":{"start":{"line":28,"column":13},"end":{"line":28,"column":14}},"loc":{"start":{"line":28,"column":22},"end":{"line":28,"column":61}},"line":28},"7":{"name":"(anonymous_7)","decl":{"start":{"line":32,"column":22},"end":{"line":32,"column":23}},"loc":{"start":{"line":32,"column":66},"end":{"line":46,"column":1}},"line":32},"8":{"name":"(anonymous_8)","decl":{"start":{"line":32,"column":66},"end":{"line":32,"column":67}},"loc":{"start":{"line":34,"column":5},"end":{"line":46,"column":1}},"line":34},"9":{"name":"(anonymous_9)","decl":{"start":{"line":38,"column":10},"end":{"line":38,"column":11}},"loc":{"start":{"line":38,"column":19},"end":{"line":44,"column":5}},"line":38},"10":{"name":"(anonymous_10)","decl":{"start":{"line":45,"column":11},"end":{"line":45,"column":12}},"loc":{"start":{"line":45,"column":20},"end":{"line":45,"column":59}},"line":45},"11":{"name":"(anonymous_11)","decl":{"start":{"line":48,"column":25},"end":{"line":48,"column":26}},"loc":{"start":{"line":48,"column":31},"end":{"line":65,"column":1}},"line":48},"12":{"name":"(anonymous_12)","decl":{"start":{"line":48,"column":31},"end":{"line":48,"column":32}},"loc":{"start":{"line":48,"column":45},"end":{"line":65,"column":1}},"line":48},"13":{"name":"(anonymous_13)","decl":{"start":{"line":50,"column":19},"end":{"line":50,"column":20}},"loc":{"start":{"line":50,"column":35},"end":{"line":52,"column":3}},"line":50},"14":{"name":"(anonymous_14)","decl":{"start":{"line":53,"column":18},"end":{"line":53,"column":19}},"loc":{"start":{"line":53,"column":27},"end":{"line":55,"column":3}},"line":53},"15":{"name":"(anonymous_15)","decl":{"start":{"line":64,"column":9},"end":{"line":64,"column":10}},"loc":{"start":{"line":64,"column":15},"end":{"line":64,"column":38}},"line":64},"16":{"name":"(anonymous_16)","decl":{"start":{"line":67,"column":28},"end":{"line":67,"column":29}},"loc":{"start":{"line":67,"column":40},"end":{"line":76,"column":1}},"line":67},"17":{"name":"(anonymous_17)","decl":{"start":{"line":67,"column":40},"end":{"line":67,"column":41}},"loc":{"start":{"line":67,"column":54},"end":{"line":76,"column":1}},"line":67},"18":{"name":"(anonymous_18)","decl":{"start":{"line":90,"column":26},"end":{"line":90,"column":27}},"loc":{"start":{"line":90,"column":40},"end":{"line":102,"column":1}},"line":90},"19":{"name":"(anonymous_19)","decl":{"start":{"line":90,"column":40},"end":{"line":90,"column":41}},"loc":{"start":{"line":90,"column":54},"end":{"line":102,"column":1}},"line":90},"20":{"name":"(anonymous_20)","decl":{"start":{"line":95,"column":10},"end":{"line":95,"column":11}},"loc":{"start":{"line":95,"column":19},"end":{"line":97,"column":5}},"line":95},"21":{"name":"(anonymous_21)","decl":{"start":{"line":98,"column":11},"end":{"line":98,"column":12}},"loc":{"start":{"line":98,"column":20},"end":{"line":101,"column":5}},"line":98}},"branchMap":{"0":{"loc":{"start":{"line":57,"column":2},"end":{"line":62,"column":3}},"type":"if","locations":[{"start":{"line":57,"column":2},"end":{"line":62,"column":3}},{"start":{"line":57,"column":2},"end":{"line":62,"column":3}}],"line":57}},"s":{"0":1,"1":1,"2":1,"3":1,"4":1,"5":1,"6":1,"7":0,"8":0,"9":0,"10":0,"11":0,"12":0,"13":0,"14":0,"15":0,"16":0,"17":0,"18":1,"19":0,"20":0,"21":0,"22":0,"23":0,"24":0,"25":0,"26":0,"27":0,"28":1,"29":0,"30":0,"31":0,"32":0,"33":0,"34":0,"35":0,"36":0,"37":0,"38":0,"39":0,"40":0,"41":1,"42":0,"43":0,"44":0,"45":0,"46":0,"47":0,"48":0,"49":1,"50":0,"51":0,"52":0,"53":0,"54":0,"55":0,"56":0},"f":{"0":0,"1":0,"2":0,"3":0,"4":0,"5":0,"6":0,"7":0,"8":0,"9":0,"10":0,"11":0,"12":0,"13":0,"14":0,"15":0,"16":0,"17":0,"18":0,"19":0,"20":0,"21":0},"b":{"0":[0,0]},"_coverageSchema":"1a1c01bbd47fc00a2c39e90264f33305004495a9","hash":"7a1d51e56d1e195a3580ad2d3880f29e6a6a6ca4"}
,"C:\\Users\\hp\\Downloads\\LambdaSchool\\React2020\\rventuredec2020\\rvAirbnb-frontend\\src\\redux\\reducers\\rootReducer.js": {"path":"C:\\Users\\hp\\Downloads\\LambdaSchool\\React2020\\rventuredec2020\\rvAirbnb-frontend\\src\\redux\\reducers\\rootReducer.js","statementMap":{"0":{"start":{"line":12,"column":2},"end":{"line":57,"column":3}},"1":{"start":{"line":14,"column":6},"end":{"line":14,"column":43}},"2":{"start":{"line":17,"column":6},"end":{"line":23,"column":8}},"3":{"start":{"line":26,"column":6},"end":{"line":32,"column":8}},"4":{"start":{"line":35,"column":6},"end":{"line":39,"column":8}},"5":{"start":{"line":42,"column":6},"end":{"line":46,"column":8}},"6":{"start":{"line":49,"column":6},"end":{"line":54,"column":8}},"7":{"start":{"line":56,"column":6},"end":{"line":56,"column":26}}},"fnMap":{"0":{"name":"rootReducer","decl":{"start":{"line":11,"column":16},"end":{"line":11,"column":27}},"loc":{"start":{"line":11,"column":58},"end":{"line":58,"column":1}},"line":11}},"branchMap":{"0":{"loc":{"start":{"line":11,"column":28},"end":{"line":11,"column":48}},"type":"default-arg","locations":[{"start":{"line":11,"column":36},"end":{"line":11,"column":48}}],"line":11},"1":{"loc":{"start":{"line":12,"column":2},"end":{"line":57,"column":3}},"type":"switch","locations":[{"start":{"line":13,"column":4},"end":{"line":15,"column":5}},{"start":{"line":16,"column":4},"end":{"line":24,"column":5}},{"start":{"line":25,"column":4},"end":{"line":33,"column":5}},{"start":{"line":34,"column":4},"end":{"line":40,"column":5}},{"start":{"line":41,"column":4},"end":{"line":47,"column":5}},{"start":{"line":48,"column":4},"end":{"line":54,"column":8}},{"start":{"line":55,"column":4},"end":{"line":56,"column":26}}],"line":12}},"s":{"0":4,"1":0,"2":0,"3":0,"4":0,"5":0,"6":0,"7":4},"f":{"0":4},"b":{"0":[4],"1":[0,0,0,0,0,0,4]},"_coverageSchema":"1a1c01bbd47fc00a2c39e90264f33305004495a9","hash":"63e9b7a826d7b8538278882f154a11283b7823ec"}
,"C:\\Users\\hp\\Downloads\\LambdaSchool\\React2020\\rventuredec2020\\rvAirbnb-frontend\\src\\redux\\store\\index.js": {"path":"C:\\Users\\hp\\Downloads\\LambdaSchool\\React2020\\rventuredec2020\\rvAirbnb-frontend\\src\\redux\\store\\index.js","statementMap":{"0":{"start":{"line":1,"column":28},"end":{"line":5,"column":1}}},"fnMap":{},"branchMap":{},"s":{"0":1},"f":{},"b":{},"_coverageSchema":"1a1c01bbd47fc00a2c39e90264f33305004495a9","hash":"06c3220dd63bfb2821489eada2c33518014db1ec"}
,"C:\\Users\\hp\\Downloads\\LambdaSchool\\React2020\\rventuredec2020\\rvAirbnb-frontend\\src\\route_views\\Dashboard.js": {"path":"C:\\Users\\hp\\Downloads\\LambdaSchool\\React2020\\rventuredec2020\\rvAirbnb-frontend\\src\\route_views\\Dashboard.js","statementMap":{"0":{"start":{"line":11,"column":74},"end":{"line":11,"column":79}},"1":{"start":{"line":13,"column":32},"end":{"line":13,"column":50}},"2":{"start":{"line":14,"column":24},"end":{"line":14,"column":57}},"3":{"start":{"line":15,"column":38},"end":{"line":15,"column":48}},"4":{"start":{"line":17,"column":2},"end":{"line":26,"column":28}},"5":{"start":{"line":18,"column":4},"end":{"line":25,"column":5}},"6":{"start":{"line":19,"column":6},"end":{"line":19,"column":38}},"7":{"start":{"line":20,"column":6},"end":{"line":23,"column":9}},"8":{"start":{"line":24,"column":6},"end":{"line":24,"column":44}},"9":{"start":{"line":28,"column":34},"end":{"line":37,"column":18}},"10":{"start":{"line":29,"column":4},"end":{"line":36,"column":9}},"11":{"start":{"line":32,"column":8},"end":{"line":32,"column":30}},"12":{"start":{"line":35,"column":8},"end":{"line":35,"column":29}},"13":{"start":{"line":39,"column":2},"end":{"line":42,"column":22}},"14":{"start":{"line":40,"column":4},"end":{"line":40,"column":51}},"15":{"start":{"line":41,"column":4},"end":{"line":41,"column":42}},"16":{"start":{"line":46,"column":2},"end":{"line":132,"column":4}},"17":{"start":{"line":136,"column":2},"end":{"line":140,"column":4}}},"fnMap":{"0":{"name":"Dashboard","decl":{"start":{"line":10,"column":9},"end":{"line":10,"column":18}},"loc":{"start":{"line":10,"column":26},"end":{"line":133,"column":1}},"line":10},"1":{"name":"(anonymous_1)","decl":{"start":{"line":17,"column":12},"end":{"line":17,"column":13}},"loc":{"start":{"line":17,"column":18},"end":{"line":26,"column":3}},"line":17},"2":{"name":"(anonymous_2)","decl":{"start":{"line":28,"column":46},"end":{"line":28,"column":47}},"loc":{"start":{"line":28,"column":52},"end":{"line":37,"column":3}},"line":28},"3":{"name":"(anonymous_3)","decl":{"start":{"line":31,"column":12},"end":{"line":31,"column":13}},"loc":{"start":{"line":31,"column":26},"end":{"line":33,"column":7}},"line":31},"4":{"name":"(anonymous_4)","decl":{"start":{"line":34,"column":13},"end":{"line":34,"column":14}},"loc":{"start":{"line":34,"column":24},"end":{"line":36,"column":7}},"line":34},"5":{"name":"(anonymous_5)","decl":{"start":{"line":39,"column":12},"end":{"line":39,"column":13}},"loc":{"start":{"line":39,"column":18},"end":{"line":42,"column":3}},"line":39},"6":{"name":"mapState","decl":{"start":{"line":135,"column":9},"end":{"line":135,"column":17}},"loc":{"start":{"line":135,"column":25},"end":{"line":141,"column":1}},"line":135}},"branchMap":{"0":{"loc":{"start":{"line":18,"column":4},"end":{"line":25,"column":5}},"type":"if","locations":[{"start":{"line":18,"column":4},"end":{"line":25,"column":5}},{"start":{"line":18,"column":4},"end":{"line":25,"column":5}}],"line":18},"1":{"loc":{"start":{"line":18,"column":8},"end":{"line":18,"column":38}},"type":"binary-expr","locations":[{"start":{"line":18,"column":8},"end":{"line":18,"column":16}},{"start":{"line":18,"column":20},"end":{"line":18,"column":38}}],"line":18},"2":{"loc":{"start":{"line":40,"column":4},"end":{"line":40,"column":50}},"type":"binary-expr","locations":[{"start":{"line":40,"column":4},"end":{"line":40,"column":12}},{"start":{"line":40,"column":16},"end":{"line":40,"column":50}}],"line":40},"3":{"loc":{"start":{"line":41,"column":4},"end":{"line":41,"column":41}},"type":"binary-expr","locations":[{"start":{"line":41,"column":4},"end":{"line":41,"column":12}},{"start":{"line":41,"column":16},"end":{"line":41,"column":41}}],"line":41},"4":{"loc":{"start":{"line":55,"column":7},"end":{"line":130,"column":7}},"type":"cond-expr","locations":[{"start":{"line":56,"column":8},"end":{"line":56,"column":27}},{"start":{"line":58,"column":8},"end":{"line":129,"column":11}}],"line":55}},"s":{"0":0,"1":0,"2":0,"3":0,"4":0,"5":0,"6":0,"7":0,"8":0,"9":0,"10":0,"11":0,"12":0,"13":0,"14":0,"15":0,"16":0,"17":0},"f":{"0":0,"1":0,"2":0,"3":0,"4":0,"5":0,"6":0},"b":{"0":[0,0],"1":[0,0],"2":[0,0],"3":[0,0],"4":[0,0]}}
,"C:\\Users\\hp\\Downloads\\LambdaSchool\\React2020\\rventuredec2020\\rvAirbnb-frontend\\src\\route_views\\discover\\Discover.js": {"path":"C:\\Users\\hp\\Downloads\\LambdaSchool\\React2020\\rventuredec2020\\rvAirbnb-frontend\\src\\route_views\\discover\\Discover.js","statementMap":{"0":{"start":{"line":12,"column":44},"end":{"line":12,"column":49}},"1":{"start":{"line":13,"column":34},"end":{"line":13,"column":52}},"2":{"start":{"line":14,"column":40},"end":{"line":14,"column":50}},"3":{"start":{"line":15,"column":40},"end":{"line":15,"column":52}},"4":{"start":{"line":16,"column":44},"end":{"line":16,"column":54}},"5":{"start":{"line":17,"column":26},"end":{"line":17,"column":37}},"6":{"start":{"line":20,"column":4},"end":{"line":20,"column":23}},"7":{"start":{"line":21,"column":4},"end":{"line":21,"column":35}},"8":{"start":{"line":22,"column":4},"end":{"line":22,"column":33}},"9":{"start":{"line":25,"column":2},"end":{"line":30,"column":9}},"10":{"start":{"line":26,"column":4},"end":{"line":29,"column":42}},"11":{"start":{"line":28,"column":21},"end":{"line":28,"column":54}},"12":{"start":{"line":29,"column":22},"end":{"line":29,"column":40}},"13":{"start":{"line":32,"column":36},"end":{"line":32,"column":38}},"14":{"start":{"line":34,"column":2},"end":{"line":102,"column":4}},"15":{"start":{"line":105,"column":2},"end":{"line":108,"column":4}}},"fnMap":{"0":{"name":"Discover","decl":{"start":{"line":11,"column":9},"end":{"line":11,"column":17}},"loc":{"start":{"line":11,"column":25},"end":{"line":103,"column":1}},"line":11},"1":{"name":"handleUpdateSearchDates","decl":{"start":{"line":19,"column":11},"end":{"line":19,"column":34}},"loc":{"start":{"line":19,"column":38},"end":{"line":23,"column":3}},"line":19},"2":{"name":"(anonymous_2)","decl":{"start":{"line":25,"column":12},"end":{"line":25,"column":13}},"loc":{"start":{"line":25,"column":18},"end":{"line":30,"column":3}},"line":25},"3":{"name":"(anonymous_3)","decl":{"start":{"line":28,"column":12},"end":{"line":28,"column":13}},"loc":{"start":{"line":28,"column":21},"end":{"line":28,"column":54}},"line":28},"4":{"name":"(anonymous_4)","decl":{"start":{"line":29,"column":13},"end":{"line":29,"column":14}},"loc":{"start":{"line":29,"column":22},"end":{"line":29,"column":40}},"line":29},"5":{"name":"mapState","decl":{"start":{"line":104,"column":9},"end":{"line":104,"column":17}},"loc":{"start":{"line":104,"column":25},"end":{"line":109,"column":1}},"line":104}},"branchMap":{"0":{"loc":{"start":{"line":59,"column":11},"end":{"line":67,"column":11}},"type":"cond-expr","locations":[{"start":{"line":60,"column":12},"end":{"line":64,"column":18}},{"start":{"line":66,"column":12},"end":{"line":66,"column":31}}],"line":59},"1":{"loc":{"start":{"line":70,"column":28},"end":{"line":70,"column":56}},"type":"binary-expr","locations":[{"start":{"line":70,"column":28},"end":{"line":70,"column":41}},{"start":{"line":70,"column":45},"end":{"line":70,"column":56}}],"line":70},"2":{"loc":{"start":{"line":76,"column":7},"end":{"line":99,"column":7}},"type":"cond-expr","locations":[{"start":{"line":77,"column":8},"end":{"line":96,"column":18}},{"start":{"line":98,"column":8},"end":{"line":98,"column":27}}],"line":76}},"s":{"0":0,"1":0,"2":0,"3":0,"4":0,"5":0,"6":0,"7":0,"8":0,"9":0,"10":0,"11":0,"12":0,"13":0,"14":0,"15":0},"f":{"0":0,"1":0,"2":0,"3":0,"4":0,"5":0},"b":{"0":[0,0],"1":[0,0],"2":[0,0]}}
,"C:\\Users\\hp\\Downloads\\LambdaSchool\\React2020\\rventuredec2020\\rvAirbnb-frontend\\src\\route_views\\discover\\MapBox.js": {"path":"C:\\Users\\hp\\Downloads\\LambdaSchool\\React2020\\rventuredec2020\\rvAirbnb-frontend\\src\\route_views\\discover\\MapBox.js","statementMap":{"0":{"start":{"line":8,"column":34},"end":{"line":17,"column":4}},"1":{"start":{"line":18,"column":48},"end":{"line":18,"column":62}},"2":{"start":{"line":20,"column":2},"end":{"line":31,"column":9}},"3":{"start":{"line":22,"column":6},"end":{"line":24,"column":7}},"4":{"start":{"line":23,"column":8},"end":{"line":23,"column":33}},"5":{"start":{"line":26,"column":4},"end":{"line":26,"column":49}},"6":{"start":{"line":28,"column":4},"end":{"line":30,"column":6}},"7":{"start":{"line":29,"column":6},"end":{"line":29,"column":54}},"8":{"start":{"line":32,"column":2},"end":{"line":120,"column":4}},"9":{"start":{"line":38,"column":10},"end":{"line":43,"column":13}},"10":{"start":{"line":48,"column":34},"end":{"line":48,"column":53}},"11":{"start":{"line":50,"column":12},"end":{"line":80,"column":14}},"12":{"start":{"line":66,"column":20},"end":{"line":66,"column":39}},"13":{"start":{"line":67,"column":20},"end":{"line":67,"column":48}},"14":{"start":{"line":90,"column":14},"end":{"line":90,"column":39}},"15":{"start":{"line":123,"column":2},"end":{"line":123,"column":58}}},"fnMap":{"0":{"name":"MapBox","decl":{"start":{"line":7,"column":9},"end":{"line":7,"column":15}},"loc":{"start":{"line":7,"column":23},"end":{"line":121,"column":1}},"line":7},"1":{"name":"(anonymous_1)","decl":{"start":{"line":20,"column":12},"end":{"line":20,"column":13}},"loc":{"start":{"line":20,"column":18},"end":{"line":31,"column":3}},"line":20},"2":{"name":"listener","decl":{"start":{"line":21,"column":13},"end":{"line":21,"column":21}},"loc":{"start":{"line":21,"column":25},"end":{"line":25,"column":5}},"line":21},"3":{"name":"(anonymous_3)","decl":{"start":{"line":28,"column":11},"end":{"line":28,"column":12}},"loc":{"start":{"line":28,"column":17},"end":{"line":30,"column":5}},"line":28},"4":{"name":"(anonymous_4)","decl":{"start":{"line":37,"column":26},"end":{"line":37,"column":27}},"loc":{"start":{"line":37,"column":40},"end":{"line":44,"column":9}},"line":37},"5":{"name":"(anonymous_5)","decl":{"start":{"line":47,"column":29},"end":{"line":47,"column":30}},"loc":{"start":{"line":47,"column":42},"end":{"line":81,"column":11}},"line":47},"6":{"name":"(anonymous_6)","decl":{"start":{"line":65,"column":27},"end":{"line":65,"column":28}},"loc":{"start":{"line":65,"column":34},"end":{"line":68,"column":19}},"line":65},"7":{"name":"(anonymous_7)","decl":{"start":{"line":89,"column":21},"end":{"line":89,"column":22}},"loc":{"start":{"line":89,"column":27},"end":{"line":91,"column":13}},"line":89},"8":{"name":"mapState","decl":{"start":{"line":122,"column":9},"end":{"line":122,"column":17}},"loc":{"start":{"line":122,"column":25},"end":{"line":124,"column":1}},"line":122}},"branchMap":{"0":{"loc":{"start":{"line":9,"column":14},"end":{"line":9,"column":53}},"type":"binary-expr","locations":[{"start":{"line":9,"column":14},"end":{"line":9,"column":47}},{"start":{"line":9,"column":51},"end":{"line":9,"column":53}}],"line":9},"1":{"loc":{"start":{"line":10,"column":15},"end":{"line":10,"column":55}},"type":"binary-expr","locations":[{"start":{"line":10,"column":15},"end":{"line":10,"column":49}},{"start":{"line":10,"column":53},"end":{"line":10,"column":55}}],"line":10},"2":{"loc":{"start":{"line":22,"column":6},"end":{"line":24,"column":7}},"type":"if","locations":[{"start":{"line":22,"column":6},"end":{"line":24,"column":7}},{"start":{"line":22,"column":6},"end":{"line":24,"column":7}}],"line":22},"3":{"loc":{"start":{"line":46,"column":9},"end":{"line":84,"column":9}},"type":"cond-expr","locations":[{"start":{"line":47,"column":10},"end":{"line":81,"column":12}},{"start":{"line":83,"column":10},"end":{"line":83,"column":29}}],"line":46},"4":{"loc":{"start":{"line":85,"column":9},"end":{"line":116,"column":16}},"type":"cond-expr","locations":[{"start":{"line":86,"column":10},"end":{"line":115,"column":18}},{"start":{"line":116,"column":12},"end":{"line":116,"column":16}}],"line":85}},"s":{"0":0,"1":0,"2":0,"3":0,"4":0,"5":0,"6":0,"7":0,"8":0,"9":0,"10":0,"11":0,"12":0,"13":0,"14":0,"15":0},"f":{"0":0,"1":0,"2":0,"3":0,"4":0,"5":0,"6":0,"7":0,"8":0},"b":{"0":[0,0],"1":[0,0],"2":[0,0],"3":[0,0],"4":[0,0]}}
,"C:\\Users\\hp\\Downloads\\LambdaSchool\\React2020\\rventuredec2020\\rvAirbnb-frontend\\src\\route_views\\discover\\Navigation.js": {"path":"C:\\Users\\hp\\Downloads\\LambdaSchool\\React2020\\rventuredec2020\\rvAirbnb-frontend\\src\\route_views\\discover\\Navigation.js","statementMap":{"0":{"start":{"line":4,"column":18},"end":{"line":12,"column":1}},"1":{"start":{"line":16,"column":4},"end":{"line":16,"column":37}},"2":{"start":{"line":18,"column":2},"end":{"line":30,"column":4}}},"fnMap":{"0":{"name":"Navigation","decl":{"start":{"line":14,"column":24},"end":{"line":14,"column":34}},"loc":{"start":{"line":14,"column":37},"end":{"line":31,"column":1}},"line":14},"1":{"name":"handleLogout","decl":{"start":{"line":15,"column":11},"end":{"line":15,"column":23}},"loc":{"start":{"line":15,"column":26},"end":{"line":17,"column":3}},"line":15}},"branchMap":{},"s":{"0":0,"1":0,"2":0},"f":{"0":0,"1":0},"b":{}}
,"C:\\Users\\hp\\Downloads\\LambdaSchool\\React2020\\rventuredec2020\\rvAirbnb-frontend\\src\\route_views\\discover\\searchlistings\\Searchbar.js": {"path":"C:\\Users\\hp\\Downloads\\LambdaSchool\\React2020\\rventuredec2020\\rvAirbnb-frontend\\src\\route_views\\discover\\searchlistings\\Searchbar.js","statementMap":{"0":{"start":{"line":6,"column":4},"end":{"line":14,"column":5}}},"fnMap":{"0":{"name":"SearchBar","decl":{"start":{"line":3,"column":24},"end":{"line":3,"column":33}},"loc":{"start":{"line":3,"column":35},"end":{"line":15,"column":1}},"line":3}},"branchMap":{},"s":{"0":0},"f":{"0":0},"b":{}}
,"C:\\Users\\hp\\Downloads\\LambdaSchool\\React2020\\rventuredec2020\\rvAirbnb-frontend\\src\\route_views\\discover\\searchlistings\\listings\\ListingCard.js": {"path":"C:\\Users\\hp\\Downloads\\LambdaSchool\\React2020\\rventuredec2020\\rvAirbnb-frontend\\src\\route_views\\discover\\searchlistings\\listings\\ListingCard.js","statementMap":{"0":{"start":{"line":6,"column":37},"end":{"line":6,"column":42}},"1":{"start":{"line":7,"column":61},"end":{"line":7,"column":68}},"2":{"start":{"line":9,"column":2},"end":{"line":11,"column":3}},"3":{"start":{"line":10,"column":4},"end":{"line":10,"column":38}},"4":{"start":{"line":12,"column":2},"end":{"line":48,"column":4}},"5":{"start":{"line":40,"column":14},"end":{"line":40,"column":53}}},"fnMap":{"0":{"name":"ListingCard","decl":{"start":{"line":5,"column":24},"end":{"line":5,"column":35}},"loc":{"start":{"line":5,"column":43},"end":{"line":49,"column":1}},"line":5},"1":{"name":"(anonymous_1)","decl":{"start":{"line":39,"column":21},"end":{"line":39,"column":22}},"loc":{"start":{"line":39,"column":28},"end":{"line":41,"column":13}},"line":39}},"branchMap":{"0":{"loc":{"start":{"line":9,"column":2},"end":{"line":11,"column":3}},"type":"if","locations":[{"start":{"line":9,"column":2},"end":{"line":11,"column":3}},{"start":{"line":9,"column":2},"end":{"line":11,"column":3}}],"line":9},"1":{"loc":{"start":{"line":9,"column":6},"end":{"line":9,"column":50}},"type":"binary-expr","locations":[{"start":{"line":9,"column":6},"end":{"line":9,"column":20}},{"start":{"line":9,"column":24},"end":{"line":9,"column":50}}],"line":9}},"s":{"0":0,"1":0,"2":0,"3":0,"4":0,"5":0},"f":{"0":0,"1":0},"b":{"0":[0,0],"1":[0,0]}}
,"C:\\Users\\hp\\Downloads\\LambdaSchool\\React2020\\rventuredec2020\\rvAirbnb-frontend\\src\\route_views\\discover\\searchlistings\\listings\\Listings.js": {"path":"C:\\Users\\hp\\Downloads\\LambdaSchool\\React2020\\rventuredec2020\\rvAirbnb-frontend\\src\\route_views\\discover\\searchlistings\\listings\\Listings.js","statementMap":{"0":{"start":{"line":7,"column":18},"end":{"line":7,"column":30}},"1":{"start":{"line":12,"column":28},"end":{"line":12,"column":38}},"2":{"start":{"line":13,"column":36},"end":{"line":16,"column":2}},"3":{"start":{"line":17,"column":28},"end":{"line":17,"column":92}},"4":{"start":{"line":18,"column":24},"end":{"line":18,"column":35}},"5":{"start":{"line":19,"column":44},"end":{"line":19,"column":77}},"6":{"start":{"line":21,"column":0},"end":{"line":30,"column":7}},"7":{"start":{"line":23,"column":4},"end":{"line":23,"column":76}},"8":{"start":{"line":25,"column":2},"end":{"line":25,"column":17}},"9":{"start":{"line":26,"column":2},"end":{"line":26,"column":52}},"10":{"start":{"line":27,"column":2},"end":{"line":29,"column":4}},"11":{"start":{"line":28,"column":4},"end":{"line":28,"column":57}},"12":{"start":{"line":32,"column":0},"end":{"line":34,"column":51}},"13":{"start":{"line":33,"column":2},"end":{"line":33,"column":66}},"14":{"start":{"line":39,"column":4},"end":{"line":39,"column":27}},"15":{"start":{"line":40,"column":4},"end":{"line":40,"column":60}},"16":{"start":{"line":41,"column":4},"end":{"line":41,"column":65}},"17":{"start":{"line":44,"column":2},"end":{"line":59,"column":4}},"18":{"start":{"line":46,"column":42},"end":{"line":46,"column":59}},"19":{"start":{"line":48,"column":31},"end":{"line":48,"column":48}},"20":{"start":{"line":52,"column":12},"end":{"line":55,"column":14}}},"fnMap":{"0":{"name":"Listings","decl":{"start":{"line":6,"column":24},"end":{"line":6,"column":32}},"loc":{"start":{"line":6,"column":47},"end":{"line":60,"column":1}},"line":6},"1":{"name":"(anonymous_1)","decl":{"start":{"line":21,"column":10},"end":{"line":21,"column":11}},"loc":{"start":{"line":21,"column":16},"end":{"line":30,"column":1}},"line":21},"2":{"name":"handleResize","decl":{"start":{"line":22,"column":11},"end":{"line":22,"column":23}},"loc":{"start":{"line":22,"column":26},"end":{"line":24,"column":8}},"line":22},"3":{"name":"(anonymous_3)","decl":{"start":{"line":27,"column":9},"end":{"line":27,"column":10}},"loc":{"start":{"line":27,"column":15},"end":{"line":29,"column":3}},"line":27},"4":{"name":"(anonymous_4)","decl":{"start":{"line":32,"column":10},"end":{"line":32,"column":11}},"loc":{"start":{"line":32,"column":16},"end":{"line":34,"column":1}},"line":32},"5":{"name":"routeToSingleListing","decl":{"start":{"line":38,"column":11},"end":{"line":38,"column":31}},"loc":{"start":{"line":38,"column":48},"end":{"line":42,"column":3}},"line":38},"6":{"name":"(anonymous_6)","decl":{"start":{"line":46,"column":36},"end":{"line":46,"column":37}},"loc":{"start":{"line":46,"column":42},"end":{"line":46,"column":59}},"line":46},"7":{"name":"(anonymous_7)","decl":{"start":{"line":48,"column":25},"end":{"line":48,"column":26}},"loc":{"start":{"line":48,"column":31},"end":{"line":48,"column":48}},"line":48},"8":{"name":"(anonymous_8)","decl":{"start":{"line":51,"column":29},"end":{"line":51,"column":30}},"loc":{"start":{"line":52,"column":12},"end":{"line":55,"column":14}},"line":52}},"branchMap":{"0":{"loc":{"start":{"line":17,"column":52},"end":{"line":17,"column":91}},"type":"binary-expr","locations":[{"start":{"line":17,"column":53},"end":{"line":17,"column":87}},{"start":{"line":17,"column":90},"end":{"line":17,"column":91}}],"line":17},"1":{"loc":{"start":{"line":33,"column":2},"end":{"line":33,"column":65}},"type":"binary-expr","locations":[{"start":{"line":33,"column":2},"end":{"line":33,"column":19}},{"start":{"line":33,"column":23},"end":{"line":33,"column":65}}],"line":33},"2":{"loc":{"start":{"line":46,"column":7},"end":{"line":46,"column":77}},"type":"binary-expr","locations":[{"start":{"line":46,"column":7},"end":{"line":46,"column":15}},{"start":{"line":46,"column":19},"end":{"line":46,"column":77}}],"line":46},"3":{"loc":{"start":{"line":47,"column":7},"end":{"line":49,"column":7}},"type":"binary-expr","locations":[{"start":{"line":47,"column":7},"end":{"line":47,"column":42}},{"start":{"line":48,"column":8},"end":{"line":48,"column":66}}],"line":47},"4":{"loc":{"start":{"line":50,"column":7},"end":{"line":57,"column":12}},"type":"cond-expr","locations":[{"start":{"line":51,"column":10},"end":{"line":56,"column":12}},{"start":{"line":57,"column":10},"end":{"line":57,"column":12}}],"line":50}},"s":{"0":0,"1":0,"2":0,"3":0,"4":0,"5":0,"6":0,"7":0,"8":0,"9":0,"10":0,"11":0,"12":0,"13":0,"14":0,"15":0,"16":0,"17":0,"18":0,"19":0,"20":0},"f":{"0":0,"1":0,"2":0,"3":0,"4":0,"5":0,"6":0,"7":0,"8":0},"b":{"0":[0,0],"1":[0,0],"2":[0,0],"3":[0,0],"4":[0,0]}}
,"C:\\Users\\hp\\Downloads\\LambdaSchool\\React2020\\rventuredec2020\\rvAirbnb-frontend\\src\\route_views\\discover\\searchlistings\\listings\\SingleListingView.js": {"path":"C:\\Users\\hp\\Downloads\\LambdaSchool\\React2020\\rventuredec2020\\rvAirbnb-frontend\\src\\route_views\\discover\\searchlistings\\listings\\SingleListingView.js","statementMap":{"0":{"start":{"line":6,"column":17},"end":{"line":6,"column":28}},"1":{"start":{"line":7,"column":22},"end":{"line":7,"column":42}},"2":{"start":{"line":8,"column":34},"end":{"line":8,"column":41}},"3":{"start":{"line":9,"column":2},"end":{"line":31,"column":4}}},"fnMap":{"0":{"name":"SingleListingView","decl":{"start":{"line":5,"column":24},"end":{"line":5,"column":41}},"loc":{"start":{"line":5,"column":49},"end":{"line":32,"column":1}},"line":5}},"branchMap":{},"s":{"0":0,"1":0,"2":0,"3":0},"f":{"0":0},"b":{}}
,"C:\\Users\\hp\\Downloads\\LambdaSchool\\React2020\\rventuredec2020\\rvAirbnb-frontend\\src\\route_views\\discover\\searchlistings\\searchforms\\AmenitiesForm.js": {"path":"C:\\Users\\hp\\Downloads\\LambdaSchool\\React2020\\rventuredec2020\\rvAirbnb-frontend\\src\\route_views\\discover\\searchlistings\\searchforms\\AmenitiesForm.js","statementMap":{"0":{"start":{"line":4,"column":36},"end":{"line":4,"column":145}},"1":{"start":{"line":7,"column":4},"end":{"line":7,"column":76}},"2":{"start":{"line":8,"column":4},"end":{"line":8,"column":28}},"3":{"start":{"line":10,"column":2},"end":{"line":115,"column":4}},"4":{"start":{"line":33,"column":31},"end":{"line":33,"column":76}}},"fnMap":{"0":{"name":"AmenitiesForm","decl":{"start":{"line":3,"column":24},"end":{"line":3,"column":37}},"loc":{"start":{"line":3,"column":40},"end":{"line":116,"column":1}},"line":3},"1":{"name":"handleChange","decl":{"start":{"line":6,"column":11},"end":{"line":6,"column":23}},"loc":{"start":{"line":6,"column":31},"end":{"line":9,"column":3}},"line":6},"2":{"name":"(anonymous_2)","decl":{"start":{"line":33,"column":22},"end":{"line":33,"column":23}},"loc":{"start":{"line":33,"column":31},"end":{"line":33,"column":76}},"line":33}},"branchMap":{"0":{"loc":{"start":{"line":30,"column":19},"end":{"line":30,"column":38}},"type":"binary-expr","locations":[{"start":{"line":30,"column":19},"end":{"line":30,"column":34}},{"start":{"line":30,"column":36},"end":{"line":30,"column":38}}],"line":30}},"s":{"0":0,"1":0,"2":0,"3":0,"4":0},"f":{"0":0,"1":0,"2":0},"b":{"0":[0,0]}}
,"C:\\Users\\hp\\Downloads\\LambdaSchool\\React2020\\rventuredec2020\\rvAirbnb-frontend\\src\\route_views\\discover\\searchlistings\\searchforms\\SearchBy.js": {"path":"C:\\Users\\hp\\Downloads\\LambdaSchool\\React2020\\rventuredec2020\\rvAirbnb-frontend\\src\\route_views\\discover\\searchlistings\\searchforms\\SearchBy.js","statementMap":{"0":{"start":{"line":19,"column":14},"end":{"line":25,"column":3}},"1":{"start":{"line":27,"column":2},"end":{"line":33,"column":4}}},"fnMap":{"0":{"name":"SearchBy","decl":{"start":{"line":12,"column":24},"end":{"line":12,"column":32}},"loc":{"start":{"line":18,"column":3},"end":{"line":34,"column":1}},"line":18}},"branchMap":{},"s":{"0":0,"1":0},"f":{"0":0},"b":{}}
,"C:\\Users\\hp\\Downloads\\LambdaSchool\\React2020\\rventuredec2020\\rvAirbnb-frontend\\src\\route_views\\discover\\searchlistings\\searchforms\\SearchByForm.js": {"path":"C:\\Users\\hp\\Downloads\\LambdaSchool\\React2020\\rventuredec2020\\rvAirbnb-frontend\\src\\route_views\\discover\\searchlistings\\searchforms\\SearchByForm.js","statementMap":{"0":{"start":{"line":14,"column":2},"end":{"line":14,"column":25}},"1":{"start":{"line":15,"column":23},"end":{"line":22,"column":3}},"2":{"start":{"line":24,"column":34},"end":{"line":24,"column":61}},"3":{"start":{"line":25,"column":40},"end":{"line":25,"column":65}},"4":{"start":{"line":26,"column":58},"end":{"line":26,"column":68}},"5":{"start":{"line":27,"column":48},"end":{"line":27,"column":57}},"6":{"start":{"line":29,"column":28},"end":{"line":36,"column":3}},"7":{"start":{"line":30,"column":4},"end":{"line":30,"column":23}},"8":{"start":{"line":31,"column":4},"end":{"line":31,"column":24}},"9":{"start":{"line":32,"column":4},"end":{"line":34,"column":56}},"10":{"start":{"line":34,"column":24},"end":{"line":34,"column":54}},"11":{"start":{"line":35,"column":4},"end":{"line":35,"column":37}},"12":{"start":{"line":38,"column":37},"end":{"line":45,"column":3}},"13":{"start":{"line":39,"column":4},"end":{"line":39,"column":23}},"14":{"start":{"line":40,"column":4},"end":{"line":40,"column":36}},"15":{"start":{"line":41,"column":4},"end":{"line":43,"column":56}},"16":{"start":{"line":43,"column":24},"end":{"line":43,"column":54}},"17":{"start":{"line":44,"column":4},"end":{"line":44,"column":37}},"18":{"start":{"line":47,"column":30},"end":{"line":58,"column":3}},"19":{"start":{"line":48,"column":16},"end":{"line":48,"column":43}},"20":{"start":{"line":49,"column":4},"end":{"line":49,"column":27}},"21":{"start":{"line":50,"column":4},"end":{"line":56,"column":38}},"22":{"start":{"line":55,"column":21},"end":{"line":55,"column":56}},"23":{"start":{"line":56,"column":20},"end":{"line":56,"column":36}},"24":{"start":{"line":57,"column":4},"end":{"line":57,"column":48}},"25":{"start":{"line":60,"column":2},"end":{"line":271,"column":4}},"26":{"start":{"line":67,"column":26},"end":{"line":67,"column":55}},"27":{"start":{"line":73,"column":26},"end":{"line":73,"column":55}},"28":{"start":{"line":79,"column":26},"end":{"line":79,"column":58}},"29":{"start":{"line":85,"column":26},"end":{"line":85,"column":59}},"30":{"start":{"line":98,"column":30},"end":{"line":98,"column":66}},"31":{"start":{"line":104,"column":30},"end":{"line":104,"column":73}},"32":{"start":{"line":110,"column":30},"end":{"line":110,"column":79}}},"fnMap":{"0":{"name":"SearchByForm","decl":{"start":{"line":10,"column":24},"end":{"line":10,"column":36}},"loc":{"start":{"line":13,"column":2},"end":{"line":272,"column":1}},"line":13},"1":{"name":"(anonymous_1)","decl":{"start":{"line":29,"column":28},"end":{"line":29,"column":29}},"loc":{"start":{"line":29,"column":43},"end":{"line":36,"column":3}},"line":29},"2":{"name":"(anonymous_2)","decl":{"start":{"line":34,"column":15},"end":{"line":34,"column":16}},"loc":{"start":{"line":34,"column":24},"end":{"line":34,"column":54}},"line":34},"3":{"name":"(anonymous_3)","decl":{"start":{"line":38,"column":37},"end":{"line":38,"column":38}},"loc":{"start":{"line":38,"column":52},"end":{"line":45,"column":3}},"line":38},"4":{"name":"(anonymous_4)","decl":{"start":{"line":43,"column":15},"end":{"line":43,"column":16}},"loc":{"start":{"line":43,"column":24},"end":{"line":43,"column":54}},"line":43},"5":{"name":"(anonymous_5)","decl":{"start":{"line":47,"column":30},"end":{"line":47,"column":31}},"loc":{"start":{"line":47,"column":40},"end":{"line":58,"column":3}},"line":47},"6":{"name":"(anonymous_6)","decl":{"start":{"line":55,"column":12},"end":{"line":55,"column":13}},"loc":{"start":{"line":55,"column":21},"end":{"line":55,"column":56}},"line":55},"7":{"name":"(anonymous_7)","decl":{"start":{"line":56,"column":13},"end":{"line":56,"column":14}},"loc":{"start":{"line":56,"column":20},"end":{"line":56,"column":36}},"line":56},"8":{"name":"(anonymous_8)","decl":{"start":{"line":67,"column":19},"end":{"line":67,"column":20}},"loc":{"start":{"line":67,"column":26},"end":{"line":67,"column":55}},"line":67},"9":{"name":"(anonymous_9)","decl":{"start":{"line":73,"column":19},"end":{"line":73,"column":20}},"loc":{"start":{"line":73,"column":26},"end":{"line":73,"column":55}},"line":73},"10":{"name":"(anonymous_10)","decl":{"start":{"line":79,"column":19},"end":{"line":79,"column":20}},"loc":{"start":{"line":79,"column":26},"end":{"line":79,"column":58}},"line":79},"11":{"name":"(anonymous_11)","decl":{"start":{"line":85,"column":19},"end":{"line":85,"column":20}},"loc":{"start":{"line":85,"column":26},"end":{"line":85,"column":59}},"line":85},"12":{"name":"(anonymous_12)","decl":{"start":{"line":98,"column":23},"end":{"line":98,"column":24}},"loc":{"start":{"line":98,"column":30},"end":{"line":98,"column":66}},"line":98},"13":{"name":"(anonymous_13)","decl":{"start":{"line":104,"column":23},"end":{"line":104,"column":24}},"loc":{"start":{"line":104,"column":30},"end":{"line":104,"column":73}},"line":104},"14":{"name":"(anonymous_14)","decl":{"start":{"line":110,"column":23},"end":{"line":110,"column":24}},"loc":{"start":{"line":110,"column":30},"end":{"line":110,"column":79}},"line":110}},"branchMap":{"0":{"loc":{"start":{"line":92,"column":7},"end":{"line":118,"column":7}},"type":"cond-expr","locations":[{"start":{"line":93,"column":8},"end":{"line":115,"column":11}},{"start":{"line":117,"column":8},"end":{"line":117,"column":10}}],"line":92},"1":{"loc":{"start":{"line":120,"column":7},"end":{"line":151,"column":7}},"type":"cond-expr","locations":[{"start":{"line":121,"column":8},"end":{"line":148,"column":11}},{"start":{"line":150,"column":8},"end":{"line":150,"column":10}}],"line":120},"2":{"loc":{"start":{"line":120,"column":7},"end":{"line":120,"column":54}},"type":"binary-expr","locations":[{"start":{"line":120,"column":7},"end":{"line":120,"column":30}},{"start":{"line":120,"column":34},"end":{"line":120,"column":54}}],"line":120},"3":{"loc":{"start":{"line":122,"column":11},"end":{"line":129,"column":11}},"type":"cond-expr","locations":[{"start":{"line":123,"column":12},"end":{"line":126,"column":15}},{"start":{"line":128,"column":12},"end":{"line":128,"column":14}}],"line":122},"4":{"loc":{"start":{"line":130,"column":11},"end":{"line":137,"column":11}},"type":"cond-expr","locations":[{"start":{"line":131,"column":12},"end":{"line":134,"column":15}},{"start":{"line":136,"column":12},"end":{"line":136,"column":14}}],"line":130},"5":{"loc":{"start":{"line":138,"column":11},"end":{"line":145,"column":11}},"type":"cond-expr","locations":[{"start":{"line":139,"column":12},"end":{"line":142,"column":15}},{"start":{"line":144,"column":12},"end":{"line":144,"column":14}}],"line":138},"6":{"loc":{"start":{"line":146,"column":11},"end":{"line":146,"column":58}},"type":"cond-expr","locations":[{"start":{"line":146,"column":51},"end":{"line":146,"column":53}},{"start":{"line":146,"column":56},"end":{"line":146,"column":58}}],"line":146},"7":{"loc":{"start":{"line":147,"column":11},"end":{"line":147,"column":63}},"type":"cond-expr","locations":[{"start":{"line":147,"column":56},"end":{"line":147,"column":58}},{"start":{"line":147,"column":61},"end":{"line":147,"column":63}}],"line":147},"8":{"loc":{"start":{"line":152,"column":7},"end":{"line":159,"column":7}},"type":"cond-expr","locations":[{"start":{"line":153,"column":8},"end":{"line":156,"column":10}},{"start":{"line":158,"column":8},"end":{"line":158,"column":10}}],"line":152},"9":{"loc":{"start":{"line":160,"column":7},"end":{"line":184,"column":7}},"type":"cond-expr","locations":[{"start":{"line":161,"column":8},"end":{"line":181,"column":14}},{"start":{"line":183,"column":8},"end":{"line":183,"column":10}}],"line":160},"10":{"loc":{"start":{"line":185,"column":7},"end":{"line":269,"column":7}},"type":"cond-expr","locations":[{"start":{"line":186,"column":8},"end":{"line":266,"column":11}},{"start":{"line":268,"column":8},"end":{"line":268,"column":10}}],"line":185}},"s":{"0":0,"1":0,"2":0,"3":0,"4":0,"5":0,"6":0,"7":0,"8":0,"9":0,"10":0,"11":0,"12":0,"13":0,"14":0,"15":0,"16":0,"17":0,"18":0,"19":0,"20":0,"21":0,"22":0,"23":0,"24":0,"25":0,"26":0,"27":0,"28":0,"29":0,"30":0,"31":0,"32":0},"f":{"0":0,"1":0,"2":0,"3":0,"4":0,"5":0,"6":0,"7":0,"8":0,"9":0,"10":0,"11":0,"12":0,"13":0,"14":0},"b":{"0":[0,0],"1":[0,0],"2":[0,0],"3":[0,0],"4":[0,0],"5":[0,0],"6":[0,0],"7":[0,0],"8":[0,0],"9":[0,0],"10":[0,0]}}
,"C:\\Users\\hp\\Downloads\\LambdaSchool\\React2020\\rventuredec2020\\rvAirbnb-frontend\\src\\route_views\\discover\\suggested_listings\\SuggestedListings.js": {"path":"C:\\Users\\hp\\Downloads\\LambdaSchool\\React2020\\rventuredec2020\\rvAirbnb-frontend\\src\\route_views\\discover\\suggested_listings\\SuggestedListings.js","statementMap":{"0":{"start":{"line":10,"column":18},"end":{"line":10,"column":30}},"1":{"start":{"line":12,"column":28},"end":{"line":12,"column":38}},"2":{"start":{"line":13,"column":38},"end":{"line":16,"column":4}},"3":{"start":{"line":17,"column":30},"end":{"line":20,"column":3}},"4":{"start":{"line":21,"column":26},"end":{"line":21,"column":37}},"5":{"start":{"line":22,"column":46},"end":{"line":22,"column":79}},"6":{"start":{"line":24,"column":2},"end":{"line":33,"column":9}},"7":{"start":{"line":26,"column":6},"end":{"line":26,"column":78}},"8":{"start":{"line":28,"column":4},"end":{"line":28,"column":19}},"9":{"start":{"line":29,"column":4},"end":{"line":29,"column":54}},"10":{"start":{"line":30,"column":4},"end":{"line":32,"column":6}},"11":{"start":{"line":31,"column":6},"end":{"line":31,"column":59}},"12":{"start":{"line":35,"column":2},"end":{"line":37,"column":54}},"13":{"start":{"line":36,"column":4},"end":{"line":36,"column":68}},"14":{"start":{"line":40,"column":4},"end":{"line":40,"column":27}},"15":{"start":{"line":41,"column":4},"end":{"line":41,"column":29}},"16":{"start":{"line":42,"column":4},"end":{"line":42,"column":71}},"17":{"start":{"line":45,"column":24},"end":{"line":45,"column":68}},"18":{"start":{"line":46,"column":2},"end":{"line":93,"column":4}},"19":{"start":{"line":50,"column":58},"end":{"line":50,"column":75}},"20":{"start":{"line":54,"column":58},"end":{"line":54,"column":75}},"21":{"start":{"line":61,"column":56},"end":{"line":61,"column":73}},"22":{"start":{"line":66,"column":56},"end":{"line":66,"column":73}},"23":{"start":{"line":82,"column":14},"end":{"line":88,"column":16}}},"fnMap":{"0":{"name":"SuggestedListings","decl":{"start":{"line":6,"column":24},"end":{"line":6,"column":41}},"loc":{"start":{"line":9,"column":3},"end":{"line":94,"column":1}},"line":9},"1":{"name":"(anonymous_1)","decl":{"start":{"line":24,"column":12},"end":{"line":24,"column":13}},"loc":{"start":{"line":24,"column":18},"end":{"line":33,"column":3}},"line":24},"2":{"name":"handleResize","decl":{"start":{"line":25,"column":13},"end":{"line":25,"column":25}},"loc":{"start":{"line":25,"column":28},"end":{"line":27,"column":5}},"line":25},"3":{"name":"(anonymous_3)","decl":{"start":{"line":30,"column":11},"end":{"line":30,"column":12}},"loc":{"start":{"line":30,"column":17},"end":{"line":32,"column":5}},"line":30},"4":{"name":"(anonymous_4)","decl":{"start":{"line":35,"column":12},"end":{"line":35,"column":13}},"loc":{"start":{"line":35,"column":18},"end":{"line":37,"column":3}},"line":35},"5":{"name":"routeToSingleListing","decl":{"start":{"line":39,"column":11},"end":{"line":39,"column":31}},"loc":{"start":{"line":39,"column":48},"end":{"line":43,"column":3}},"line":39},"6":{"name":"(anonymous_6)","decl":{"start":{"line":50,"column":52},"end":{"line":50,"column":53}},"loc":{"start":{"line":50,"column":58},"end":{"line":50,"column":75}},"line":50},"7":{"name":"(anonymous_7)","decl":{"start":{"line":54,"column":52},"end":{"line":54,"column":53}},"loc":{"start":{"line":54,"column":58},"end":{"line":54,"column":75}},"line":54},"8":{"name":"(anonymous_8)","decl":{"start":{"line":61,"column":50},"end":{"line":61,"column":51}},"loc":{"start":{"line":61,"column":56},"end":{"line":61,"column":73}},"line":61},"9":{"name":"(anonymous_9)","decl":{"start":{"line":66,"column":50},"end":{"line":66,"column":51}},"loc":{"start":{"line":66,"column":56},"end":{"line":66,"column":73}},"line":66},"10":{"name":"(anonymous_10)","decl":{"start":{"line":81,"column":31},"end":{"line":81,"column":32}},"loc":{"start":{"line":81,"column":44},"end":{"line":89,"column":13}},"line":81}},"branchMap":{"0":{"loc":{"start":{"line":19,"column":4},"end":{"line":19,"column":44}},"type":"binary-expr","locations":[{"start":{"line":19,"column":4},"end":{"line":19,"column":39}},{"start":{"line":19,"column":43},"end":{"line":19,"column":44}}],"line":19},"1":{"loc":{"start":{"line":36,"column":4},"end":{"line":36,"column":67}},"type":"binary-expr","locations":[{"start":{"line":36,"column":4},"end":{"line":36,"column":21}},{"start":{"line":36,"column":25},"end":{"line":36,"column":67}}],"line":36},"2":{"loc":{"start":{"line":48,"column":7},"end":{"line":58,"column":7}},"type":"binary-expr","locations":[{"start":{"line":48,"column":7},"end":{"line":48,"column":15}},{"start":{"line":48,"column":19},"end":{"line":48,"column":54}},{"start":{"line":49,"column":8},"end":{"line":57,"column":11}}],"line":48},"3":{"loc":{"start":{"line":60,"column":7},"end":{"line":64,"column":7}},"type":"binary-expr","locations":[{"start":{"line":60,"column":7},"end":{"line":60,"column":17}},{"start":{"line":61,"column":8},"end":{"line":63,"column":17}}],"line":60},"4":{"loc":{"start":{"line":65,"column":7},"end":{"line":69,"column":7}},"type":"binary-expr","locations":[{"start":{"line":65,"column":7},"end":{"line":65,"column":44}},{"start":{"line":66,"column":8},"end":{"line":68,"column":17}}],"line":65},"5":{"loc":{"start":{"line":80,"column":9},"end":{"line":90,"column":14}},"type":"cond-expr","locations":[{"start":{"line":81,"column":12},"end":{"line":89,"column":14}},{"start":{"line":90,"column":12},"end":{"line":90,"column":14}}],"line":80}},"s":{"0":0,"1":0,"2":0,"3":0,"4":0,"5":0,"6":0,"7":0,"8":0,"9":0,"10":0,"11":0,"12":0,"13":0,"14":0,"15":0,"16":0,"17":0,"18":0,"19":0,"20":0,"21":0,"22":0,"23":0},"f":{"0":0,"1":0,"2":0,"3":0,"4":0,"5":0,"6":0,"7":0,"8":0,"9":0,"10":0},"b":{"0":[0,0],"1":[0,0],"2":[0,0,0],"3":[0,0],"4":[0,0],"5":[0,0]}}
,"C:\\Users\\hp\\Downloads\\LambdaSchool\\React2020\\rventuredec2020\\rvAirbnb-frontend\\src\\route_views\\messages\\Messages.js": {"path":"C:\\Users\\hp\\Downloads\\LambdaSchool\\React2020\\rventuredec2020\\rvAirbnb-frontend\\src\\route_views\\messages\\Messages.js","statementMap":{"0":{"start":{"line":4,"column":2},"end":{"line":8,"column":4}}},"fnMap":{"0":{"name":"Messages","decl":{"start":{"line":3,"column":24},"end":{"line":3,"column":32}},"loc":{"start":{"line":3,"column":35},"end":{"line":9,"column":1}},"line":3}},"branchMap":{},"s":{"0":0},"f":{"0":0},"b":{}}
,"C:\\Users\\hp\\Downloads\\LambdaSchool\\React2020\\rventuredec2020\\rvAirbnb-frontend\\src\\route_views\\mytrips\\Mytrips.js": {"path":"C:\\Users\\hp\\Downloads\\LambdaSchool\\React2020\\rventuredec2020\\rvAirbnb-frontend\\src\\route_views\\mytrips\\Mytrips.js","statementMap":{"0":{"start":{"line":9,"column":42},"end":{"line":9,"column":52}},"1":{"start":{"line":10,"column":2},"end":{"line":10,"column":31}},"2":{"start":{"line":14,"column":2},"end":{"line":19,"column":9}},"3":{"start":{"line":15,"column":4},"end":{"line":18,"column":38}},"4":{"start":{"line":17,"column":21},"end":{"line":17,"column":59}},"5":{"start":{"line":18,"column":20},"end":{"line":18,"column":36}},"6":{"start":{"line":21,"column":2},"end":{"line":24,"column":21}},"7":{"start":{"line":22,"column":4},"end":{"line":22,"column":50}},"8":{"start":{"line":25,"column":2},"end":{"line":45,"column":4}},"9":{"start":{"line":49,"column":2},"end":{"line":49,"column":58}},"10":{"start":{"line":50,"column":2},"end":{"line":54,"column":4}}},"fnMap":{"0":{"name":"Mytrips","decl":{"start":{"line":8,"column":9},"end":{"line":8,"column":16}},"loc":{"start":{"line":8,"column":65},"end":{"line":46,"column":1}},"line":8},"1":{"name":"(anonymous_1)","decl":{"start":{"line":14,"column":12},"end":{"line":14,"column":13}},"loc":{"start":{"line":14,"column":18},"end":{"line":19,"column":3}},"line":14},"2":{"name":"(anonymous_2)","decl":{"start":{"line":17,"column":12},"end":{"line":17,"column":13}},"loc":{"start":{"line":17,"column":21},"end":{"line":17,"column":59}},"line":17},"3":{"name":"(anonymous_3)","decl":{"start":{"line":18,"column":13},"end":{"line":18,"column":14}},"loc":{"start":{"line":18,"column":20},"end":{"line":18,"column":36}},"line":18},"4":{"name":"(anonymous_4)","decl":{"start":{"line":21,"column":12},"end":{"line":21,"column":13}},"loc":{"start":{"line":21,"column":18},"end":{"line":24,"column":3}},"line":21},"5":{"name":"mapState","decl":{"start":{"line":48,"column":9},"end":{"line":48,"column":17}},"loc":{"start":{"line":48,"column":66},"end":{"line":55,"column":1}},"line":48}},"branchMap":{"0":{"loc":{"start":{"line":22,"column":4},"end":{"line":22,"column":49}},"type":"binary-expr","locations":[{"start":{"line":22,"column":4},"end":{"line":22,"column":16}},{"start":{"line":22,"column":20},"end":{"line":22,"column":49}}],"line":22},"1":{"loc":{"start":{"line":28,"column":7},"end":{"line":36,"column":7}},"type":"binary-expr","locations":[{"start":{"line":28,"column":7},"end":{"line":28,"column":25}},{"start":{"line":29,"column":8},"end":{"line":35,"column":14}}],"line":28},"2":{"loc":{"start":{"line":38,"column":7},"end":{"line":43,"column":7}},"type":"binary-expr","locations":[{"start":{"line":38,"column":7},"end":{"line":38,"column":19}},{"start":{"line":39,"column":8},"end":{"line":42,"column":11}}],"line":38}},"s":{"0":0,"1":0,"2":0,"3":0,"4":0,"5":0,"6":0,"7":0,"8":0,"9":0,"10":0},"f":{"0":0,"1":0,"2":0,"3":0,"4":0,"5":0},"b":{"0":[0,0],"1":[0,0],"2":[0,0]}}
,"C:\\Users\\hp\\Downloads\\LambdaSchool\\React2020\\rventuredec2020\\rvAirbnb-frontend\\src\\route_views\\mytrips\\ReservationCard.js": {"path":"C:\\Users\\hp\\Downloads\\LambdaSchool\\React2020\\rventuredec2020\\rvAirbnb-frontend\\src\\route_views\\mytrips\\ReservationCard.js","statementMap":{"0":{"start":{"line":5,"column":40},"end":{"line":5,"column":45}},"1":{"start":{"line":6,"column":61},"end":{"line":6,"column":72}},"2":{"start":{"line":7,"column":2},"end":{"line":7,"column":68}},"3":{"start":{"line":9,"column":2},"end":{"line":11,"column":3}},"4":{"start":{"line":10,"column":4},"end":{"line":10,"column":38}},"5":{"start":{"line":21,"column":2},"end":{"line":53,"column":4}},"6":{"start":{"line":47,"column":35},"end":{"line":47,"column":80}}},"fnMap":{"0":{"name":"ReservationCard","decl":{"start":{"line":4,"column":24},"end":{"line":4,"column":39}},"loc":{"start":{"line":4,"column":47},"end":{"line":54,"column":1}},"line":4},"1":{"name":"(anonymous_1)","decl":{"start":{"line":47,"column":27},"end":{"line":47,"column":28}},"loc":{"start":{"line":47,"column":34},"end":{"line":47,"column":81}},"line":47}},"branchMap":{"0":{"loc":{"start":{"line":9,"column":2},"end":{"line":11,"column":3}},"type":"if","locations":[{"start":{"line":9,"column":2},"end":{"line":11,"column":3}},{"start":{"line":9,"column":2},"end":{"line":11,"column":3}}],"line":9},"1":{"loc":{"start":{"line":9,"column":6},"end":{"line":9,"column":58}},"type":"binary-expr","locations":[{"start":{"line":9,"column":6},"end":{"line":9,"column":24}},{"start":{"line":9,"column":28},"end":{"line":9,"column":58}}],"line":9}},"s":{"0":0,"1":0,"2":0,"3":0,"4":0,"5":0,"6":0},"f":{"0":0,"1":0},"b":{"0":[0,0],"1":[0,0]}}
,"C:\\Users\\hp\\Downloads\\LambdaSchool\\React2020\\rventuredec2020\\rvAirbnb-frontend\\src\\route_views\\mytrips\\Reservations.js": {"path":"C:\\Users\\hp\\Downloads\\LambdaSchool\\React2020\\rventuredec2020\\rvAirbnb-frontend\\src\\route_views\\mytrips\\Reservations.js","statementMap":{},"fnMap":{},"branchMap":{},"s":{},"f":{},"b":{}}
,"C:\\Users\\hp\\Downloads\\LambdaSchool\\React2020\\rventuredec2020\\rvAirbnb-frontend\\src\\route_views\\mytrips\\SingleReservationView.js": {"path":"C:\\Users\\hp\\Downloads\\LambdaSchool\\React2020\\rventuredec2020\\rvAirbnb-frontend\\src\\route_views\\mytrips\\SingleReservationView.js","statementMap":{"0":{"start":{"line":5,"column":2},"end":{"line":5,"column":25}},"1":{"start":{"line":7,"column":2},"end":{"line":16,"column":4}}},"fnMap":{"0":{"name":"SingleListingView","decl":{"start":{"line":4,"column":24},"end":{"line":4,"column":41}},"loc":{"start":{"line":4,"column":49},"end":{"line":17,"column":1}},"line":4}},"branchMap":{},"s":{"0":0,"1":0},"f":{"0":0},"b":{}}
,"C:\\Users\\hp\\Downloads\\LambdaSchool\\React2020\\rventuredec2020\\rvAirbnb-frontend\\src\\route_views\\profile\\Profile.js": {"path":"C:\\Users\\hp\\Downloads\\LambdaSchool\\React2020\\rventuredec2020\\rvAirbnb-frontend\\src\\route_views\\profile\\Profile.js","statementMap":{"0":{"start":{"line":4,"column":2},"end":{"line":8,"column":4}}},"fnMap":{"0":{"name":"Profile","decl":{"start":{"line":3,"column":24},"end":{"line":3,"column":31}},"loc":{"start":{"line":3,"column":34},"end":{"line":9,"column":1}},"line":3}},"branchMap":{},"s":{"0":0},"f":{"0":0},"b":{}}
,"C:\\Users\\hp\\Downloads\\LambdaSchool\\React2020\\rventuredec2020\\rvAirbnb-frontend\\src\\styles\\theme-overrides.js": {"path":"C:\\Users\\hp\\Downloads\\LambdaSchool\\React2020\\rventuredec2020\\rvAirbnb-frontend\\src\\styles\\theme-overrides.js","statementMap":{"0":{"start":{"line":1,"column":0},"end":{"line":33,"column":3}}},"fnMap":{},"branchMap":{},"s":{"0":0},"f":{},"b":{}}
,"C:\\Users\\hp\\Downloads\\LambdaSchool\\React2020\\rventuredec2020\\rvAirbnb-frontend\\src\\utils\\CalendarRangePicker.js": {"path":"C:\\Users\\hp\\Downloads\\LambdaSchool\\React2020\\rventuredec2020\\rvAirbnb-frontend\\src\\utils\\CalendarRangePicker.js","statementMap":{"0":{"start":{"line":7,"column":36},"end":{"line":7,"column":46}},"1":{"start":{"line":8,"column":32},"end":{"line":8,"column":42}},"2":{"start":{"line":10,"column":2},"end":{"line":17,"column":16}},"3":{"start":{"line":11,"column":4},"end":{"line":16,"column":5}},"4":{"start":{"line":12,"column":6},"end":{"line":15,"column":9}},"5":{"start":{"line":18,"column":2},"end":{"line":52,"column":4}},"6":{"start":{"line":30,"column":8},"end":{"line":49,"column":14}}},"fnMap":{"0":{"name":"CalendarRangePicker","decl":{"start":{"line":6,"column":24},"end":{"line":6,"column":43}},"loc":{"start":{"line":6,"column":77},"end":{"line":53,"column":1}},"line":6},"1":{"name":"(anonymous_1)","decl":{"start":{"line":10,"column":12},"end":{"line":10,"column":13}},"loc":{"start":{"line":10,"column":18},"end":{"line":17,"column":3}},"line":10},"2":{"name":"(anonymous_2)","decl":{"start":{"line":29,"column":7},"end":{"line":29,"column":8}},"loc":{"start":{"line":30,"column":8},"end":{"line":49,"column":14}},"line":30}},"branchMap":{"0":{"loc":{"start":{"line":11,"column":4},"end":{"line":16,"column":5}},"type":"if","locations":[{"start":{"line":11,"column":4},"end":{"line":16,"column":5}},{"start":{"line":11,"column":4},"end":{"line":16,"column":5}}],"line":11},"1":{"loc":{"start":{"line":11,"column":8},"end":{"line":11,"column":28}},"type":"binary-expr","locations":[{"start":{"line":11,"column":8},"end":{"line":11,"column":17}},{"start":{"line":11,"column":21},"end":{"line":11,"column":28}}],"line":11},"2":{"loc":{"start":{"line":36,"column":34},"end":{"line":36,"column":73}},"type":"cond-expr","locations":[{"start":{"line":36,"column":57},"end":{"line":36,"column":68}},{"start":{"line":36,"column":71},"end":{"line":36,"column":73}}],"line":36},"3":{"loc":{"start":{"line":41,"column":11},"end":{"line":48,"column":11}},"type":"binary-expr","locations":[{"start":{"line":41,"column":11},"end":{"line":41,"column":20}},{"start":{"line":42,"column":12},"end":{"line":47,"column":14}}],"line":41},"4":{"loc":{"start":{"line":44,"column":36},"end":{"line":44,"column":73}},"type":"cond-expr","locations":[{"start":{"line":44,"column":57},"end":{"line":44,"column":68}},{"start":{"line":44,"column":71},"end":{"line":44,"column":73}}],"line":44}},"s":{"0":0,"1":0,"2":0,"3":0,"4":0,"5":0,"6":0},"f":{"0":0,"1":0,"2":0},"b":{"0":[0,0],"1":[0,0],"2":[0,0],"3":[0,0],"4":[0,0]}}
,"C:\\Users\\hp\\Downloads\\LambdaSchool\\React2020\\rventuredec2020\\rvAirbnb-frontend\\src\\utils\\LoadingClackers.js": {"path":"C:\\Users\\hp\\Downloads\\LambdaSchool\\React2020\\rventuredec2020\\rvAirbnb-frontend\\src\\utils\\LoadingClackers.js","statementMap":{"0":{"start":{"line":3,"column":31},"end":{"line":52,"column":1}},"1":{"start":{"line":4,"column":2},"end":{"line":51,"column":4}}},"fnMap":{"0":{"name":"(anonymous_0)","decl":{"start":{"line":3,"column":31},"end":{"line":3,"column":32}},"loc":{"start":{"line":3,"column":37},"end":{"line":52,"column":1}},"line":3}},"branchMap":{},"s":{"0":1,"1":0},"f":{"0":0},"b":{},"_coverageSchema":"1a1c01bbd47fc00a2c39e90264f33305004495a9","hash":"3f00d4408d3774af4ee1d347fda8840eab79915c"}
,"C:\\Users\\hp\\Downloads\\LambdaSchool\\React2020\\rventuredec2020\\rvAirbnb-frontend\\src\\utils\\PrivateRoute.js": {"path":"C:\\Users\\hp\\Downloads\\LambdaSchool\\React2020\\rventuredec2020\\rvAirbnb-frontend\\src\\utils\\PrivateRoute.js","statementMap":{"0":{"start":{"line":5,"column":28},"end":{"line":25,"column":1}},"1":{"start":{"line":6,"column":23},"end":{"line":6,"column":65}},"2":{"start":{"line":6,"column":46},"end":{"line":6,"column":64}},"3":{"start":{"line":7,"column":21},"end":{"line":7,"column":50}},"4":{"start":{"line":8,"column":2},"end":{"line":12,"column":3}},"5":{"start":{"line":9,"column":4},"end":{"line":9,"column":28}},"6":{"start":{"line":11,"column":4},"end":{"line":11,"column":29}},"7":{"start":{"line":13,"column":2},"end":{"line":24,"column":4}},"8":{"start":{"line":17,"column":8},"end":{"line":21,"column":9}}},"fnMap":{"0":{"name":"(anonymous_0)","decl":{"start":{"line":5,"column":28},"end":{"line":5,"column":29}},"loc":{"start":{"line":5,"column":67},"end":{"line":25,"column":1}},"line":5},"1":{"name":"(anonymous_1)","decl":{"start":{"line":6,"column":35},"end":{"line":6,"column":36}},"loc":{"start":{"line":6,"column":46},"end":{"line":6,"column":64}},"line":6},"2":{"name":"(anonymous_2)","decl":{"start":{"line":16,"column":14},"end":{"line":16,"column":15}},"loc":{"start":{"line":17,"column":8},"end":{"line":21,"column":9}},"line":17}},"branchMap":{"0":{"loc":{"start":{"line":8,"column":2},"end":{"line":12,"column":3}},"type":"if","locations":[{"start":{"line":8,"column":2},"end":{"line":12,"column":3}},{"start":{"line":8,"column":2},"end":{"line":12,"column":3}}],"line":8},"1":{"loc":{"start":{"line":17,"column":8},"end":{"line":21,"column":9}},"type":"cond-expr","locations":[{"start":{"line":18,"column":10},"end":{"line":18,"column":34}},{"start":{"line":20,"column":10},"end":{"line":20,"column":34}}],"line":17},"2":{"loc":{"start":{"line":17,"column":8},"end":{"line":17,"column":49}},"type":"binary-expr","locations":[{"start":{"line":17,"column":8},"end":{"line":17,"column":18}},{"start":{"line":17,"column":22},"end":{"line":17,"column":49}}],"line":17}},"s":{"0":0,"1":0,"2":0,"3":0,"4":0,"5":0,"6":0,"7":0,"8":0},"f":{"0":0,"1":0,"2":0},"b":{"0":[0,0],"1":[0,0],"2":[0,0]}}
,"C:\\Users\\hp\\Downloads\\LambdaSchool\\React2020\\rventuredec2020\\rvAirbnb-frontend\\src\\utils\\RangeSlider.js": {"path":"C:\\Users\\hp\\Downloads\\LambdaSchool\\React2020\\rventuredec2020\\rvAirbnb-frontend\\src\\utils\\RangeSlider.js","statementMap":{"0":{"start":{"line":4,"column":20},"end":{"line":36,"column":1}},"1":{"start":{"line":14,"column":4},"end":{"line":17,"column":6}},"2":{"start":{"line":20,"column":32},"end":{"line":20,"column":64}},"3":{"start":{"line":22,"column":2},"end":{"line":35,"column":4}},"4":{"start":{"line":31,"column":10},"end":{"line":31,"column":64}}},"fnMap":{"0":{"name":"(anonymous_0)","decl":{"start":{"line":4,"column":20},"end":{"line":4,"column":21}},"loc":{"start":{"line":12,"column":6},"end":{"line":36,"column":1}},"line":12},"1":{"name":"removeSliderFromLabelText","decl":{"start":{"line":13,"column":11},"end":{"line":13,"column":36}},"loc":{"start":{"line":13,"column":48},"end":{"line":18,"column":3}},"line":13},"2":{"name":"(anonymous_2)","decl":{"start":{"line":30,"column":18},"end":{"line":30,"column":19}},"loc":{"start":{"line":30,"column":29},"end":{"line":32,"column":9}},"line":30}},"branchMap":{},"s":{"0":0,"1":0,"2":0,"3":0,"4":0},"f":{"0":0,"1":0,"2":0},"b":{}}
,"C:\\Users\\hp\\Downloads\\LambdaSchool\\React2020\\rventuredec2020\\rvAirbnb-frontend\\src\\utils\\axiosWithAuth.js": {"path":"C:\\Users\\hp\\Downloads\\LambdaSchool\\React2020\\rventuredec2020\\rvAirbnb-frontend\\src\\utils\\axiosWithAuth.js","statementMap":{"0":{"start":{"line":4,"column":16},"end":{"line":4,"column":45}},"1":{"start":{"line":6,"column":2},"end":{"line":12,"column":5}}},"fnMap":{"0":{"name":"axiosWithAuth","decl":{"start":{"line":3,"column":16},"end":{"line":3,"column":29}},"loc":{"start":{"line":3,"column":32},"end":{"line":13,"column":1}},"line":3}},"branchMap":{},"s":{"0":0,"1":0},"f":{"0":0},"b":{},"_coverageSchema":"1a1c01bbd47fc00a2c39e90264f33305004495a9","hash":"b2eeb586e2e404a75e0ddd7774f2de2af81cc6b8"}
,"C:\\Users\\hp\\Downloads\\LambdaSchool\\React2020\\rventuredec2020\\rvAirbnb-frontend\\src\\utils\\useStyles.js": {"path":"C:\\Users\\hp\\Downloads\\LambdaSchool\\React2020\\rventuredec2020\\rvAirbnb-frontend\\src\\utils\\useStyles.js","statementMap":{"0":{"start":{"line":3,"column":25},"end":{"line":34,"column":3}},"1":{"start":{"line":3,"column":48},"end":{"line":34,"column":1}}},"fnMap":{"0":{"name":"(anonymous_0)","decl":{"start":{"line":3,"column":36},"end":{"line":3,"column":37}},"loc":{"start":{"line":3,"column":48},"end":{"line":34,"column":1}},"line":3}},"branchMap":{"0":{"loc":{"start":{"line":11,"column":6},"end":{"line":13,"column":33}},"type":"cond-expr","locations":[{"start":{"line":12,"column":10},"end":{"line":12,"column":32}},{"start":{"line":13,"column":10},"end":{"line":13,"column":33}}],"line":11}},"s":{"0":2,"1":1},"f":{"0":1},"b":{"0":[1,0]},"_coverageSchema":"1a1c01bbd47fc00a2c39e90264f33305004495a9","hash":"bcc3e1aa6a735f177e40a77f17ed063734b4eacb"}
,"C:\\Users\\hp\\Downloads\\LambdaSchool\\React2020\\rventuredec2020\\rvAirbnb-frontend\\src\\utils\\hooks\\useFetchImg.js": {"path":"C:\\Users\\hp\\Downloads\\LambdaSchool\\React2020\\rventuredec2020\\rvAirbnb-frontend\\src\\utils\\hooks\\useFetchImg.js","statementMap":{"0":{"start":{"line":4,"column":2},"end":{"line":25,"column":9}},"1":{"start":{"line":5,"column":4},"end":{"line":24,"column":5}},"2":{"start":{"line":6,"column":6},"end":{"line":23,"column":62}},"3":{"start":{"line":11,"column":10},"end":{"line":20,"column":11}},"4":{"start":{"line":14,"column":17},"end":{"line":18,"column":17}},"5":{"start":{"line":23,"column":22},"end":{"line":23,"column":60}},"6":{"start":{"line":26,"column":2},"end":{"line":26,"column":18}}},"fnMap":{"0":{"name":"useFetchImg","decl":{"start":{"line":3,"column":16},"end":{"line":3,"column":27}},"loc":{"start":{"line":3,"column":47},"end":{"line":27,"column":1}},"line":3},"1":{"name":"(anonymous_1)","decl":{"start":{"line":4,"column":12},"end":{"line":4,"column":13}},"loc":{"start":{"line":4,"column":18},"end":{"line":25,"column":3}},"line":4},"2":{"name":"(anonymous_2)","decl":{"start":{"line":10,"column":14},"end":{"line":10,"column":15}},"loc":{"start":{"line":11,"column":10},"end":{"line":20,"column":11}},"line":11},"3":{"name":"(anonymous_3)","decl":{"start":{"line":13,"column":14},"end":{"line":13,"column":15}},"loc":{"start":{"line":14,"column":17},"end":{"line":18,"column":17}},"line":14},"4":{"name":"(anonymous_4)","decl":{"start":{"line":23,"column":15},"end":{"line":23,"column":16}},"loc":{"start":{"line":23,"column":22},"end":{"line":23,"column":60}},"line":23}},"branchMap":{"0":{"loc":{"start":{"line":5,"column":4},"end":{"line":24,"column":5}},"type":"if","locations":[{"start":{"line":5,"column":4},"end":{"line":24,"column":5}},{"start":{"line":5,"column":4},"end":{"line":24,"column":5}}],"line":5}},"s":{"0":0,"1":0,"2":0,"3":0,"4":0,"5":0,"6":0},"f":{"0":0,"1":0,"2":0,"3":0,"4":0},"b":{"0":[0,0]}}
,"C:\\Users\\hp\\Downloads\\LambdaSchool\\React2020\\rventuredec2020\\rvAirbnb-frontend\\src\\utils\\hooks\\usePagination.js": {"path":"C:\\Users\\hp\\Downloads\\LambdaSchool\\React2020\\rventuredec2020\\rvAirbnb-frontend\\src\\utils\\hooks\\usePagination.js","statementMap":{"0":{"start":{"line":3,"column":19},"end":{"line":10,"column":1}},"1":{"start":{"line":3,"column":34},"end":{"line":10,"column":1}},"2":{"start":{"line":4,"column":2},"end":{"line":9,"column":9}},"3":{"start":{"line":5,"column":4},"end":{"line":7,"column":5}},"4":{"start":{"line":6,"column":6},"end":{"line":6,"column":59}},"5":{"start":{"line":8,"column":4},"end":{"line":8,"column":15}},"6":{"start":{"line":12,"column":29},"end":{"line":16,"column":1}},"7":{"start":{"line":13,"column":23},"end":{"line":13,"column":76}},"8":{"start":{"line":13,"column":37},"end":{"line":13,"column":60}},"9":{"start":{"line":15,"column":2},"end":{"line":15,"column":24}}},"fnMap":{"0":{"name":"(anonymous_0)","decl":{"start":{"line":3,"column":19},"end":{"line":3,"column":20}},"loc":{"start":{"line":3,"column":34},"end":{"line":10,"column":1}},"line":3},"1":{"name":"(anonymous_1)","decl":{"start":{"line":3,"column":34},"end":{"line":3,"column":35}},"loc":{"start":{"line":3,"column":45},"end":{"line":10,"column":1}},"line":3},"2":{"name":"(anonymous_2)","decl":{"start":{"line":4,"column":22},"end":{"line":4,"column":23}},"loc":{"start":{"line":4,"column":49},"end":{"line":9,"column":3}},"line":4},"3":{"name":"(anonymous_3)","decl":{"start":{"line":12,"column":29},"end":{"line":12,"column":30}},"loc":{"start":{"line":12,"column":46},"end":{"line":16,"column":1}},"line":12},"4":{"name":"(anonymous_4)","decl":{"start":{"line":13,"column":31},"end":{"line":13,"column":32}},"loc":{"start":{"line":13,"column":37},"end":{"line":13,"column":60}},"line":13}},"branchMap":{"0":{"loc":{"start":{"line":5,"column":4},"end":{"line":7,"column":5}},"type":"if","locations":[{"start":{"line":5,"column":4},"end":{"line":7,"column":5}},{"start":{"line":5,"column":4},"end":{"line":7,"column":5}}],"line":5}},"s":{"0":0,"1":0,"2":0,"3":0,"4":0,"5":0,"6":0,"7":0,"8":0,"9":0},"f":{"0":0,"1":0,"2":0,"3":0,"4":0},"b":{"0":[0,0]}}
,"C:\\Users\\hp\\Downloads\\LambdaSchool\\React2020\\rventuredec2020\\rvAirbnb-frontend\\src\\utils\\hooks\\usePosition.js": {"path":"C:\\Users\\hp\\Downloads\\LambdaSchool\\React2020\\rventuredec2020\\rvAirbnb-frontend\\src\\utils\\hooks\\usePosition.js","statementMap":{"0":{"start":{"line":2,"column":27},"end":{"line":26,"column":1}},"1":{"start":{"line":3,"column":34},"end":{"line":3,"column":46}},"2":{"start":{"line":4,"column":28},"end":{"line":4,"column":42}},"3":{"start":{"line":6,"column":19},"end":{"line":12,"column":3}},"4":{"start":{"line":7,"column":4},"end":{"line":11,"column":7}},"5":{"start":{"line":13,"column":18},"end":{"line":15,"column":3}},"6":{"start":{"line":14,"column":4},"end":{"line":14,"column":28}},"7":{"start":{"line":16,"column":2},"end":{"line":24,"column":9}},"8":{"start":{"line":17,"column":16},"end":{"line":17,"column":37}},"9":{"start":{"line":18,"column":4},"end":{"line":21,"column":5}},"10":{"start":{"line":19,"column":6},"end":{"line":19,"column":47}},"11":{"start":{"line":20,"column":6},"end":{"line":20,"column":13}},"12":{"start":{"line":22,"column":18},"end":{"line":22,"column":54}},"13":{"start":{"line":23,"column":4},"end":{"line":23,"column":41}},"14":{"start":{"line":23,"column":17},"end":{"line":23,"column":40}},"15":{"start":{"line":25,"column":2},"end":{"line":25,"column":75}}},"fnMap":{"0":{"name":"(anonymous_0)","decl":{"start":{"line":2,"column":27},"end":{"line":2,"column":28}},"loc":{"start":{"line":2,"column":33},"end":{"line":26,"column":1}},"line":2},"1":{"name":"(anonymous_1)","decl":{"start":{"line":6,"column":19},"end":{"line":6,"column":20}},"loc":{"start":{"line":6,"column":35},"end":{"line":12,"column":3}},"line":6},"2":{"name":"(anonymous_2)","decl":{"start":{"line":13,"column":18},"end":{"line":13,"column":19}},"loc":{"start":{"line":13,"column":29},"end":{"line":15,"column":3}},"line":13},"3":{"name":"(anonymous_3)","decl":{"start":{"line":16,"column":12},"end":{"line":16,"column":13}},"loc":{"start":{"line":16,"column":18},"end":{"line":24,"column":3}},"line":16},"4":{"name":"(anonymous_4)","decl":{"start":{"line":23,"column":11},"end":{"line":23,"column":12}},"loc":{"start":{"line":23,"column":17},"end":{"line":23,"column":40}},"line":23}},"branchMap":{"0":{"loc":{"start":{"line":18,"column":4},"end":{"line":21,"column":5}},"type":"if","locations":[{"start":{"line":18,"column":4},"end":{"line":21,"column":5}},{"start":{"line":18,"column":4},"end":{"line":21,"column":5}}],"line":18}},"s":{"0":0,"1":0,"2":0,"3":0,"4":0,"5":0,"6":0,"7":0,"8":0,"9":0,"10":0,"11":0,"12":0,"13":0,"14":0,"15":0},"f":{"0":0,"1":0,"2":0,"3":0,"4":0},"b":{"0":[0,0]}}
,"C:\\Users\\hp\\Downloads\\LambdaSchool\\React2020\\rventuredec2020\\rvAirbnb-frontend\\src\\utils\\testing\\renderWithReduxAndRouter.js": {"path":"C:\\Users\\hp\\Downloads\\LambdaSchool\\React2020\\rventuredec2020\\rvAirbnb-frontend\\src\\utils\\testing\\renderWithReduxAndRouter.js","statementMap":{"0":{"start":{"line":8,"column":40},"end":{"line":26,"column":1}},"1":{"start":{"line":12,"column":21},"end":{"line":17,"column":5}},"2":{"start":{"line":18,"column":4},"end":{"line":25,"column":6}},"3":{"start":{"line":21,"column":12},"end":{"line":24,"column":14}}},"fnMap":{"0":{"name":"(anonymous_0)","decl":{"start":{"line":8,"column":40},"end":{"line":8,"column":41}},"loc":{"start":{"line":11,"column":5},"end":{"line":26,"column":1}},"line":11},"1":{"name":"(anonymous_1)","decl":{"start":{"line":20,"column":18},"end":{"line":20,"column":19}},"loc":{"start":{"line":21,"column":12},"end":{"line":24,"column":14}},"line":21}},"branchMap":{"0":{"loc":{"start":{"line":10,"column":4},"end":{"line":10,"column":69}},"type":"default-arg","locations":[{"start":{"line":10,"column":67},"end":{"line":10,"column":69}}],"line":10},"1":{"loc":{"start":{"line":10,"column":20},"end":{"line":10,"column":62}},"type":"default-arg","locations":[{"start":{"line":10,"column":28},"end":{"line":10,"column":62}}],"line":10},"2":{"loc":{"start":{"line":16,"column":25},"end":{"line":16,"column":67}},"type":"default-arg","locations":[{"start":{"line":16,"column":33},"end":{"line":16,"column":67}}],"line":16}},"s":{"0":1,"1":2,"2":0,"3":0},"f":{"0":2,"1":0},"b":{"0":[2],"1":[2],"2":[2]},"_coverageSchema":"1a1c01bbd47fc00a2c39e90264f33305004495a9","hash":"83accf52733db34237ea1d02efa0f87820d18dec"}
,"C:\\Users\\hp\\Downloads\\LambdaSchool\\React2020\\rventuredec2020\\rvAirbnb-frontend\\src\\utils\\testing\\setupTests.js": {"path":"C:\\Users\\hp\\Downloads\\LambdaSchool\\React2020\\rventuredec2020\\rvAirbnb-frontend\\src\\utils\\testing\\setupTests.js","statementMap":{"0":{"start":{"line":3,"column":0},"end":{"line":3,"column":31}},"1":{"start":{"line":3,"column":15},"end":{"line":3,"column":30}},"2":{"start":{"line":6,"column":0},"end":{"line":6,"column":38}},"3":{"start":{"line":6,"column":15},"end":{"line":6,"column":37}},"4":{"start":{"line":8,"column":0},"end":{"line":8,"column":29}},"5":{"start":{"line":8,"column":14},"end":{"line":8,"column":28}}},"fnMap":{"0":{"name":"(anonymous_0)","decl":{"start":{"line":3,"column":10},"end":{"line":3,"column":11}},"loc":{"start":{"line":3,"column":15},"end":{"line":3,"column":30}},"line":3},"1":{"name":"(anonymous_1)","decl":{"start":{"line":6,"column":10},"end":{"line":6,"column":11}},"loc":{"start":{"line":6,"column":15},"end":{"line":6,"column":37}},"line":6},"2":{"name":"(anonymous_2)","decl":{"start":{"line":8,"column":9},"end":{"line":8,"column":10}},"loc":{"start":{"line":8,"column":14},"end":{"line":8,"column":28}},"line":8}},"branchMap":{},"s":{"0":0,"1":0,"2":0,"3":0,"4":0,"5":0},"f":{"0":0,"1":0,"2":0},"b":{}}
}
