TN:
SF:src\App.js
FN:19,App
FN:21,(anonymous_1)
FN:25,(anonymous_2)
FN:55,mapState
FNF:4
FNH:0
FNDA:0,App
FNDA:0,(anonymous_1)
FNDA:0,(anonymous_2)
FNDA:0,mapState
DA:20,0
DA:21,0
DA:22,0
DA:24,0
DA:25,0
DA:26,0
DA:29,0
DA:56,0
LF:8
LH:0
BRDA:26,0,0,0
BRDA:26,0,1,0
BRF:2
BRH:0
end_of_record
TN:
SF:src\GoogleMapBox.js
FNF:0
FNH:0
LF:0
LH:0
BRF:0
BRH:0
end_of_record
TN:
SF:src\index.js
FNF:0
FNH:0
DA:15,0
DA:18,0
DA:23,0
LF:3
LH:0
BRDA:15,0,0,0
BRDA:15,0,1,0
BRDA:15,0,2,0
BRF:3
BRH:0
end_of_record
TN:
SF:src\auth_views\Logout.js
FN:3,Logout
FN:4,handleLogout
FNF:2
FNH:0
FNDA:0,Logout
FNDA:0,handleLogout
DA:5,0
DA:6,0
DA:8,0
LF:3
LH:0
BRF:0
BRH:0
end_of_record
TN:
SF:src\auth_views\login\Login.js
FN:27,Login
FN:31,getRanNum
FN:36,(anonymous_2)
FN:65,mapStateToProps
FNF:4
FNH:0
FNDA:0,Login
FNDA:0,getRanNum
FNDA:0,(anonymous_2)
FNDA:0,mapStateToProps
DA:10,0
DA:17,0
DA:28,0
DA:29,0
DA:32,0
DA:34,0
DA:36,0
DA:37,0
DA:40,0
DA:66,0
LF:10
LH:0
BRDA:37,0,0,0
BRDA:37,0,1,0
BRF:2
BRH:0
end_of_record
TN:
SF:src\auth_views\login\LoginForm.js
FN:9,LoginForm
FN:26,(anonymous_1)
FNF:2
FNH:0
FNDA:0,LoginForm
FNDA:0,(anonymous_1)
DA:10,0
DA:13,0
DA:14,0
DA:15,0
DA:16,0
DA:18,0
DA:27,0
DA:28,0
DA:29,0
DA:31,0
DA:33,0
DA:35,0
LF:12
LH:0
BRDA:39,0,0,0
BRDA:39,0,1,0
BRDA:52,1,0,0
BRDA:52,1,1,0
BRDA:55,2,0,0
BRDA:55,2,1,0
BRDA:69,3,0,0
BRDA:69,3,1,0
BRDA:72,4,0,0
BRDA:72,4,1,0
BRDA:86,5,0,0
BRDA:86,5,1,0
BRDA:95,6,0,0
BRDA:95,6,1,0
BRF:14
BRH:0
end_of_record
TN:
SF:src\auth_views\signup\Signup.js
FN:24,Signup
FN:43,mapState
FNF:2
FNH:0
FNDA:0,Signup
FNDA:0,mapState
DA:6,0
DA:14,0
DA:25,0
DA:44,0
LF:4
LH:0
BRF:0
BRH:0
end_of_record
TN:
SF:src\auth_views\signup\SignupForm.js
FN:8,SignupForm
FN:31,(anonymous_1)
FN:100,(anonymous_2)
FN:103,(anonymous_3)
FNF:4
FNH:1
FNDA:4,SignupForm
FNDA:0,(anonymous_1)
FNDA:0,(anonymous_2)
FNDA:0,(anonymous_3)
DA:9,4
DA:17,3
DA:18,3
DA:20,3
DA:21,3
DA:23,3
DA:32,0
DA:33,0
DA:35,0
DA:36,0
DA:37,0
DA:39,0
DA:40,0
DA:42,0
DA:44,0
DA:101,0
DA:103,0
LF:17
LH:6
BRDA:32,0,0,0
BRDA:32,0,1,0
BRDA:42,1,0,0
BRDA:42,1,1,0
BRDA:48,2,0,0
BRDA:48,2,1,3
BRDA:61,3,0,0
BRDA:61,3,1,3
BRDA:64,4,0,0
BRDA:64,4,1,3
BRDA:78,5,0,0
BRDA:78,5,1,3
BRDA:81,6,0,0
BRDA:81,6,1,3
BRDA:101,7,0,0
BRDA:101,7,1,0
BRDA:107,8,0,0
BRDA:107,8,1,3
BRF:18
BRH:6
end_of_record
TN:
SF:src\redux\actions\index.js
FN:11,(anonymous_0)
FN:11,(anonymous_1)
FN:13,(anonymous_2)
FN:16,(anonymous_3)
FN:17,verifyCredentials
FN:24,(anonymous_5)
FN:28,(anonymous_6)
FN:32,(anonymous_7)
FN:32,(anonymous_8)
FN:38,(anonymous_9)
FN:45,(anonymous_10)
FN:48,(anonymous_11)
FN:48,(anonymous_12)
FN:50,(anonymous_13)
FN:53,(anonymous_14)
FN:64,(anonymous_15)
FN:67,(anonymous_16)
FN:67,(anonymous_17)
FN:90,(anonymous_18)
FN:90,(anonymous_19)
FN:95,(anonymous_20)
FN:98,(anonymous_21)
FNF:22
FNH:0
FNDA:0,(anonymous_0)
FNDA:0,(anonymous_1)
FNDA:0,(anonymous_2)
FNDA:0,(anonymous_3)
FNDA:0,verifyCredentials
FNDA:0,(anonymous_5)
FNDA:0,(anonymous_6)
FNDA:0,(anonymous_7)
FNDA:0,(anonymous_8)
FNDA:0,(anonymous_9)
FNDA:0,(anonymous_10)
FNDA:0,(anonymous_11)
FNDA:0,(anonymous_12)
FNDA:0,(anonymous_13)
FNDA:0,(anonymous_14)
FNDA:0,(anonymous_15)
FNDA:0,(anonymous_16)
FNDA:0,(anonymous_17)
FNDA:0,(anonymous_18)
FNDA:0,(anonymous_19)
FNDA:0,(anonymous_20)
FNDA:0,(anonymous_21)
DA:4,1
DA:5,1
DA:6,1
DA:7,1
DA:8,1
DA:9,1
DA:11,1
DA:12,0
DA:13,0
DA:14,0
DA:18,0
DA:19,0
DA:20,0
DA:21,0
DA:23,0
DA:24,0
DA:28,0
DA:32,1
DA:35,0
DA:36,0
DA:39,0
DA:40,0
DA:41,0
DA:42,0
DA:43,0
DA:45,0
DA:48,1
DA:49,0
DA:50,0
DA:51,0
DA:53,0
DA:54,0
DA:56,0
DA:57,0
DA:58,0
DA:63,0
DA:64,0
DA:67,1
DA:68,0
DA:69,0
DA:70,0
DA:71,0
DA:73,0
DA:74,0
DA:90,1
DA:91,0
DA:92,0
DA:93,0
DA:96,0
DA:99,0
DA:100,0
LF:51
LH:11
BRDA:57,0,0,0
BRDA:57,0,1,0
BRF:2
BRH:0
end_of_record
TN:
SF:src\redux\reducers\rootReducer.js
FN:11,rootReducer
FNF:1
FNH:1
FNDA:4,rootReducer
DA:12,4
DA:14,0
DA:17,0
DA:26,0
DA:35,0
DA:42,0
DA:49,0
DA:56,4
LF:8
LH:2
BRDA:11,0,0,4
BRDA:12,1,0,0
BRDA:12,1,1,0
BRDA:12,1,2,0
BRDA:12,1,3,0
BRDA:12,1,4,0
BRDA:12,1,5,0
BRDA:12,1,6,4
BRF:8
BRH:2
end_of_record
TN:
SF:src\redux\store\index.js
FNF:0
FNH:0
DA:1,1
LF:1
LH:1
BRF:0
BRH:0
end_of_record
TN:
SF:src\route_views\Dashboard.js
FN:10,Dashboard
FN:17,(anonymous_1)
FN:28,(anonymous_2)
FN:31,(anonymous_3)
FN:34,(anonymous_4)
FN:39,(anonymous_5)
FN:135,mapState
FNF:7
FNH:0
FNDA:0,Dashboard
FNDA:0,(anonymous_1)
FNDA:0,(anonymous_2)
FNDA:0,(anonymous_3)
FNDA:0,(anonymous_4)
FNDA:0,(anonymous_5)
FNDA:0,mapState
DA:11,0
DA:13,0
DA:14,0
DA:15,0
DA:17,0
DA:18,0
DA:19,0
DA:20,0
DA:24,0
DA:28,0
DA:29,0
DA:32,0
DA:35,0
DA:39,0
DA:40,0
DA:41,0
DA:46,0
DA:136,0
LF:18
LH:0
BRDA:18,0,0,0
BRDA:18,0,1,0
BRDA:18,1,0,0
BRDA:18,1,1,0
BRDA:40,2,0,0
BRDA:40,2,1,0
BRDA:41,3,0,0
BRDA:41,3,1,0
BRDA:55,4,0,0
BRDA:55,4,1,0
BRF:10
BRH:0
end_of_record
TN:
SF:src\route_views\discover\Discover.js
FN:11,Discover
FN:19,handleUpdateSearchDates
FN:25,(anonymous_2)
FN:28,(anonymous_3)
FN:29,(anonymous_4)
FN:104,mapState
FNF:6
FNH:0
FNDA:0,Discover
FNDA:0,handleUpdateSearchDates
FNDA:0,(anonymous_2)
FNDA:0,(anonymous_3)
FNDA:0,(anonymous_4)
FNDA:0,mapState
DA:12,0
DA:13,0
DA:14,0
DA:15,0
DA:16,0
DA:17,0
DA:20,0
DA:21,0
DA:22,0
DA:25,0
DA:26,0
DA:28,0
DA:29,0
DA:32,0
DA:34,0
DA:105,0
LF:16
LH:0
BRDA:59,0,0,0
BRDA:59,0,1,0
BRDA:70,1,0,0
BRDA:70,1,1,0
BRDA:76,2,0,0
BRDA:76,2,1,0
BRF:6
BRH:0
end_of_record
TN:
SF:src\route_views\discover\MapBox.js
FN:7,MapBox
FN:20,(anonymous_1)
FN:21,listener
FN:28,(anonymous_3)
FN:37,(anonymous_4)
FN:47,(anonymous_5)
FN:65,(anonymous_6)
FN:89,(anonymous_7)
FN:122,mapState
FNF:9
FNH:0
FNDA:0,MapBox
FNDA:0,(anonymous_1)
FNDA:0,listener
FNDA:0,(anonymous_3)
FNDA:0,(anonymous_4)
FNDA:0,(anonymous_5)
FNDA:0,(anonymous_6)
FNDA:0,(anonymous_7)
FNDA:0,mapState
DA:8,0
DA:18,0
DA:20,0
DA:22,0
DA:23,0
DA:26,0
DA:28,0
DA:29,0
DA:32,0
DA:38,0
DA:48,0
DA:50,0
DA:66,0
DA:67,0
DA:90,0
DA:123,0
LF:16
LH:0
BRDA:9,0,0,0
BRDA:9,0,1,0
BRDA:10,1,0,0
BRDA:10,1,1,0
BRDA:22,2,0,0
BRDA:22,2,1,0
BRDA:46,3,0,0
BRDA:46,3,1,0
BRDA:85,4,0,0
BRDA:85,4,1,0
BRF:10
BRH:0
end_of_record
TN:
SF:src\route_views\discover\Navigation.js
FN:14,Navigation
FN:15,handleLogout
FNF:2
FNH:0
FNDA:0,Navigation
FNDA:0,handleLogout
DA:4,0
DA:16,0
DA:18,0
LF:3
LH:0
BRF:0
BRH:0
end_of_record
TN:
SF:src\route_views\discover\searchlistings\Searchbar.js
FN:3,SearchBar
FNF:1
FNH:0
FNDA:0,SearchBar
DA:6,0
LF:1
LH:0
BRF:0
BRH:0
end_of_record
TN:
SF:src\route_views\discover\searchlistings\listings\ListingCard.js
FN:5,ListingCard
FN:39,(anonymous_1)
FNF:2
FNH:0
FNDA:0,ListingCard
FNDA:0,(anonymous_1)
DA:6,0
DA:7,0
DA:9,0
DA:10,0
DA:12,0
DA:40,0
LF:6
LH:0
BRDA:9,0,0,0
BRDA:9,0,1,0
BRDA:9,1,0,0
BRDA:9,1,1,0
BRF:4
BRH:0
end_of_record
TN:
SF:src\route_views\discover\searchlistings\listings\Listings.js
FN:6,Listings
FN:21,(anonymous_1)
FN:22,handleResize
FN:27,(anonymous_3)
FN:32,(anonymous_4)
FN:38,routeToSingleListing
FN:46,(anonymous_6)
FN:48,(anonymous_7)
FN:51,(anonymous_8)
FNF:9
FNH:0
FNDA:0,Listings
FNDA:0,(anonymous_1)
FNDA:0,handleResize
FNDA:0,(anonymous_3)
FNDA:0,(anonymous_4)
FNDA:0,routeToSingleListing
FNDA:0,(anonymous_6)
FNDA:0,(anonymous_7)
FNDA:0,(anonymous_8)
DA:7,0
DA:12,0
DA:13,0
DA:17,0
DA:18,0
DA:19,0
DA:21,0
DA:23,0
DA:25,0
DA:26,0
DA:27,0
DA:28,0
DA:32,0
DA:33,0
DA:39,0
DA:40,0
DA:41,0
DA:44,0
DA:46,0
DA:48,0
DA:52,0
LF:21
LH:0
BRDA:17,0,0,0
BRDA:17,0,1,0
BRDA:33,1,0,0
BRDA:33,1,1,0
BRDA:46,2,0,0
BRDA:46,2,1,0
BRDA:47,3,0,0
BRDA:47,3,1,0
BRDA:50,4,0,0
BRDA:50,4,1,0
BRF:10
BRH:0
end_of_record
TN:
SF:src\route_views\discover\searchlistings\listings\SingleListingView.js
FN:5,SingleListingView
FNF:1
FNH:0
FNDA:0,SingleListingView
DA:6,0
DA:7,0
DA:8,0
DA:9,0
LF:4
LH:0
BRF:0
BRH:0
end_of_record
TN:
SF:src\route_views\discover\searchlistings\searchforms\AmenitiesForm.js
FN:3,AmenitiesForm
FN:6,handleChange
FN:33,(anonymous_2)
FNF:3
FNH:0
FNDA:0,AmenitiesForm
FNDA:0,handleChange
FNDA:0,(anonymous_2)
DA:4,0
DA:7,0
DA:8,0
DA:10,0
DA:33,0
LF:5
LH:0
BRDA:30,0,0,0
BRDA:30,0,1,0
BRF:2
BRH:0
end_of_record
TN:
SF:src\route_views\discover\searchlistings\searchforms\SearchBy.js
FN:12,SearchBy
FNF:1
FNH:0
FNDA:0,SearchBy
DA:19,0
DA:27,0
LF:2
LH:0
BRF:0
BRH:0
end_of_record
TN:
SF:src\route_views\discover\searchlistings\searchforms\SearchByForm.js
FN:10,SearchByForm
FN:29,(anonymous_1)
FN:34,(anonymous_2)
FN:38,(anonymous_3)
FN:43,(anonymous_4)
FN:47,(anonymous_5)
FN:55,(anonymous_6)
FN:56,(anonymous_7)
FN:67,(anonymous_8)
FN:73,(anonymous_9)
FN:79,(anonymous_10)
FN:85,(anonymous_11)
FN:98,(anonymous_12)
FN:104,(anonymous_13)
FN:110,(anonymous_14)
FNF:15
FNH:0
FNDA:0,SearchByForm
FNDA:0,(anonymous_1)
FNDA:0,(anonymous_2)
FNDA:0,(anonymous_3)
FNDA:0,(anonymous_4)
FNDA:0,(anonymous_5)
FNDA:0,(anonymous_6)
FNDA:0,(anonymous_7)
FNDA:0,(anonymous_8)
FNDA:0,(anonymous_9)
FNDA:0,(anonymous_10)
FNDA:0,(anonymous_11)
FNDA:0,(anonymous_12)
FNDA:0,(anonymous_13)
FNDA:0,(anonymous_14)
DA:14,0
DA:15,0
DA:24,0
DA:25,0
DA:26,0
DA:27,0
DA:29,0
DA:30,0
DA:31,0
DA:32,0
DA:34,0
DA:35,0
DA:38,0
DA:39,0
DA:40,0
DA:41,0
DA:43,0
DA:44,0
DA:47,0
DA:48,0
DA:49,0
DA:50,0
DA:55,0
DA:56,0
DA:57,0
DA:60,0
DA:67,0
DA:73,0
DA:79,0
DA:85,0
DA:98,0
DA:104,0
DA:110,0
LF:33
LH:0
BRDA:92,0,0,0
BRDA:92,0,1,0
BRDA:120,1,0,0
BRDA:120,1,1,0
BRDA:120,2,0,0
BRDA:120,2,1,0
BRDA:122,3,0,0
BRDA:122,3,1,0
BRDA:130,4,0,0
BRDA:130,4,1,0
BRDA:138,5,0,0
BRDA:138,5,1,0
BRDA:146,6,0,0
BRDA:146,6,1,0
BRDA:147,7,0,0
BRDA:147,7,1,0
BRDA:152,8,0,0
BRDA:152,8,1,0
BRDA:160,9,0,0
BRDA:160,9,1,0
BRDA:185,10,0,0
BRDA:185,10,1,0
BRF:22
BRH:0
end_of_record
TN:
SF:src\route_views\discover\suggested_listings\SuggestedListings.js
FN:6,SuggestedListings
FN:24,(anonymous_1)
FN:25,handleResize
FN:30,(anonymous_3)
FN:35,(anonymous_4)
FN:39,routeToSingleListing
FN:50,(anonymous_6)
FN:54,(anonymous_7)
FN:61,(anonymous_8)
FN:66,(anonymous_9)
FN:81,(anonymous_10)
FNF:11
FNH:0
FNDA:0,SuggestedListings
FNDA:0,(anonymous_1)
FNDA:0,handleResize
FNDA:0,(anonymous_3)
FNDA:0,(anonymous_4)
FNDA:0,routeToSingleListing
FNDA:0,(anonymous_6)
FNDA:0,(anonymous_7)
FNDA:0,(anonymous_8)
FNDA:0,(anonymous_9)
FNDA:0,(anonymous_10)
DA:10,0
DA:12,0
DA:13,0
DA:17,0
DA:21,0
DA:22,0
DA:24,0
DA:26,0
DA:28,0
DA:29,0
DA:30,0
DA:31,0
DA:35,0
DA:36,0
DA:40,0
DA:41,0
DA:42,0
DA:45,0
DA:46,0
DA:50,0
DA:54,0
DA:61,0
DA:66,0
DA:82,0
LF:24
LH:0
BRDA:19,0,0,0
BRDA:19,0,1,0
BRDA:36,1,0,0
BRDA:36,1,1,0
BRDA:48,2,0,0
BRDA:48,2,1,0
BRDA:48,2,2,0
BRDA:60,3,0,0
BRDA:60,3,1,0
BRDA:65,4,0,0
BRDA:65,4,1,0
BRDA:80,5,0,0
BRDA:80,5,1,0
BRF:13
BRH:0
end_of_record
TN:
SF:src\route_views\messages\Messages.js
FN:3,Messages
FNF:1
FNH:0
FNDA:0,Messages
DA:4,0
LF:1
LH:0
BRF:0
BRH:0
end_of_record
TN:
SF:src\route_views\mytrips\Mytrips.js
FN:8,Mytrips
FN:14,(anonymous_1)
FN:17,(anonymous_2)
FN:18,(anonymous_3)
FN:21,(anonymous_4)
FN:48,mapState
FNF:6
FNH:0
FNDA:0,Mytrips
FNDA:0,(anonymous_1)
FNDA:0,(anonymous_2)
FNDA:0,(anonymous_3)
FNDA:0,(anonymous_4)
FNDA:0,mapState
DA:9,0
DA:10,0
DA:14,0
DA:15,0
DA:17,0
DA:18,0
DA:21,0
DA:22,0
DA:25,0
DA:49,0
DA:50,0
LF:11
LH:0
BRDA:22,0,0,0
BRDA:22,0,1,0
BRDA:28,1,0,0
BRDA:28,1,1,0
BRDA:38,2,0,0
BRDA:38,2,1,0
BRF:6
BRH:0
end_of_record
TN:
SF:src\route_views\mytrips\ReservationCard.js
FN:4,ReservationCard
FN:47,(anonymous_1)
FNF:2
FNH:0
FNDA:0,ReservationCard
FNDA:0,(anonymous_1)
DA:5,0
DA:6,0
DA:7,0
DA:9,0
DA:10,0
DA:21,0
DA:47,0
LF:7
LH:0
BRDA:9,0,0,0
BRDA:9,0,1,0
BRDA:9,1,0,0
BRDA:9,1,1,0
BRF:4
BRH:0
end_of_record
TN:
SF:src\route_views\mytrips\Reservations.js
FNF:0
FNH:0
LF:0
LH:0
BRF:0
BRH:0
end_of_record
TN:
SF:src\route_views\mytrips\SingleReservationView.js
FN:4,SingleListingView
FNF:1
FNH:0
FNDA:0,SingleListingView
DA:5,0
DA:7,0
LF:2
LH:0
BRF:0
BRH:0
end_of_record
TN:
SF:src\route_views\profile\Profile.js
FN:3,Profile
FNF:1
FNH:0
FNDA:0,Profile
DA:4,0
LF:1
LH:0
BRF:0
BRH:0
end_of_record
TN:
SF:src\styles\theme-overrides.js
FNF:0
FNH:0
DA:1,0
LF:1
LH:0
BRF:0
BRH:0
end_of_record
TN:
SF:src\utils\CalendarRangePicker.js
FN:6,CalendarRangePicker
FN:10,(anonymous_1)
FN:29,(anonymous_2)
FNF:3
FNH:0
FNDA:0,CalendarRangePicker
FNDA:0,(anonymous_1)
FNDA:0,(anonymous_2)
DA:7,0
DA:8,0
DA:10,0
DA:11,0
DA:12,0
DA:18,0
DA:30,0
LF:7
LH:0
BRDA:11,0,0,0
BRDA:11,0,1,0
BRDA:11,1,0,0
BRDA:11,1,1,0
BRDA:36,2,0,0
BRDA:36,2,1,0
BRDA:41,3,0,0
BRDA:41,3,1,0
BRDA:44,4,0,0
BRDA:44,4,1,0
BRF:10
BRH:0
end_of_record
TN:
SF:src\utils\LoadingClackers.js
FN:3,(anonymous_0)
FNF:1
FNH:0
FNDA:0,(anonymous_0)
DA:3,1
DA:4,0
LF:2
LH:1
BRF:0
BRH:0
end_of_record
TN:
SF:src\utils\PrivateRoute.js
FN:5,(anonymous_0)
FN:6,(anonymous_1)
FN:16,(anonymous_2)
FNF:3
FNH:0
FNDA:0,(anonymous_0)
FNDA:0,(anonymous_1)
FNDA:0,(anonymous_2)
DA:5,0
DA:6,0
DA:7,0
DA:8,0
DA:9,0
DA:11,0
DA:13,0
DA:17,0
LF:8
LH:0
BRDA:8,0,0,0
BRDA:8,0,1,0
BRDA:17,1,0,0
BRDA:17,1,1,0
BRDA:17,2,0,0
BRDA:17,2,1,0
BRF:6
BRH:0
end_of_record
TN:
SF:src\utils\RangeSlider.js
FN:4,(anonymous_0)
FN:13,removeSliderFromLabelText
FN:30,(anonymous_2)
FNF:3
FNH:0
FNDA:0,(anonymous_0)
FNDA:0,removeSliderFromLabelText
FNDA:0,(anonymous_2)
DA:4,0
DA:14,0
DA:20,0
DA:22,0
DA:31,0
LF:5
LH:0
BRF:0
BRH:0
end_of_record
TN:
SF:src\utils\axiosWithAuth.js
FN:3,axiosWithAuth
FNF:1
FNH:0
FNDA:0,axiosWithAuth
DA:4,0
DA:6,0
LF:2
LH:0
BRF:0
BRH:0
end_of_record
TN:
SF:src\utils\useStyles.js
FN:3,(anonymous_0)
FNF:1
FNH:1
FNDA:1,(anonymous_0)
DA:3,2
LF:1
LH:1
BRDA:11,0,0,1
BRDA:11,0,1,0
BRF:2
BRH:1
end_of_record
TN:
SF:src\utils\hooks\useFetchImg.js
FN:3,useFetchImg
FN:4,(anonymous_1)
FN:10,(anonymous_2)
FN:13,(anonymous_3)
FN:23,(anonymous_4)
FNF:5
FNH:0
FNDA:0,useFetchImg
FNDA:0,(anonymous_1)
FNDA:0,(anonymous_2)
FNDA:0,(anonymous_3)
FNDA:0,(anonymous_4)
DA:4,0
DA:5,0
DA:6,0
DA:11,0
DA:14,0
DA:23,0
DA:26,0
LF:7
LH:0
BRDA:5,0,0,0
BRDA:5,0,1,0
BRF:2
BRH:0
end_of_record
TN:
SF:src\utils\hooks\usePagination.js
FN:3,(anonymous_0)
FN:3,(anonymous_1)
FN:4,(anonymous_2)
FN:12,(anonymous_3)
FN:13,(anonymous_4)
FNF:5
FNH:0
FNDA:0,(anonymous_0)
FNDA:0,(anonymous_1)
FNDA:0,(anonymous_2)
FNDA:0,(anonymous_3)
FNDA:0,(anonymous_4)
DA:3,0
DA:4,0
DA:5,0
DA:6,0
DA:8,0
DA:12,0
DA:13,0
DA:15,0
LF:8
LH:0
BRDA:5,0,0,0
BRDA:5,0,1,0
BRF:2
BRH:0
end_of_record
TN:
SF:src\utils\hooks\usePosition.js
FN:2,(anonymous_0)
FN:6,(anonymous_1)
FN:13,(anonymous_2)
FN:16,(anonymous_3)
FN:23,(anonymous_4)
FNF:5
FNH:0
FNDA:0,(anonymous_0)
FNDA:0,(anonymous_1)
FNDA:0,(anonymous_2)
FNDA:0,(anonymous_3)
FNDA:0,(anonymous_4)
DA:2,0
DA:3,0
DA:4,0
DA:6,0
DA:7,0
DA:13,0
DA:14,0
DA:16,0
DA:17,0
DA:18,0
DA:19,0
DA:20,0
DA:22,0
DA:23,0
DA:25,0
LF:15
LH:0
BRDA:18,0,0,0
BRDA:18,0,1,0
BRF:2
BRH:0
end_of_record
TN:
SF:src\utils\testing\renderWithReduxAndRouter.js
FN:8,(anonymous_0)
FN:20,(anonymous_1)
FNF:2
FNH:1
FNDA:2,(anonymous_0)
FNDA:0,(anonymous_1)
DA:8,1
DA:12,2
DA:18,0
DA:21,0
LF:4
LH:2
BRDA:10,0,0,2
BRDA:10,1,0,2
BRDA:16,2,0,2
BRF:3
BRH:3
end_of_record
TN:
SF:src\utils\testing\setupTests.js
FN:3,(anonymous_0)
FN:6,(anonymous_1)
FN:8,(anonymous_2)
FNF:3
FNH:0
FNDA:0,(anonymous_0)
FNDA:0,(anonymous_1)
FNDA:0,(anonymous_2)
DA:3,0
DA:6,0
DA:8,0
LF:3
LH:0
BRF:0
BRH:0
end_of_record
